03/17/2021 03:50:30 - INFO     - Training on cuda
03/17/2021 03:50:30 - INFO     - Train/Test Split: 94.6% / 5.4%
03/17/2021 03:50:38 - INFO     - Starting new training for /home/ubuntu/EVGen/Results/AWS_test_v10
03/17/2021 03:51:30 - INFO     - Completed: Epoch 8/5000 	 Batch 10/70.0 	 Total Batches 500/350000.0 	 Time left 10:09:12.349695
03/17/2021 03:52:22 - INFO     - Completed: Epoch 15/5000 	 Batch 20/70.0 	 Total Batches 1000/350000.0 	 Time left 10:07:20.008535
03/17/2021 03:53:14 - INFO     - Completed: Epoch 22/5000 	 Batch 30/70.0 	 Total Batches 1500/350000.0 	 Time left 10:05:25.947961
03/17/2021 03:54:08 - INFO     - Completed: Epoch 29/5000 	 Batch 40/70.0 	 Total Batches 2000/350000.0 	 Time left 10:08:24.259975
03/17/2021 03:55:01 - INFO     - Completed: Epoch 36/5000 	 Batch 50/70.0 	 Total Batches 2500/350000.0 	 Time left 10:10:03.966338
03/17/2021 03:55:53 - INFO     - Completed: Epoch 43/5000 	 Batch 60/70.0 	 Total Batches 3000/350000.0 	 Time left 10:08:51.960446
03/17/2021 03:56:45 - INFO     - Completed: Epoch 50/5000 	 Batch 70/70.0 	 Total Batches 3500/350000.0 	 Time left 10:06:52.888380
03/17/2021 03:57:37 - INFO     - Completed: Epoch 58/5000 	 Batch 10/70.0 	 Total Batches 4000/350000.0 	 Time left 10:05:03.295797
03/17/2021 03:58:29 - INFO     - Completed: Epoch 65/5000 	 Batch 20/70.0 	 Total Batches 4500/350000.0 	 Time left 10:03:33.879769
03/17/2021 03:59:22 - INFO     - Completed: Epoch 72/5000 	 Batch 30/70.0 	 Total Batches 5000/350000.0 	 Time left 10:02:14.248497
03/17/2021 04:00:13 - INFO     - Completed: Epoch 79/5000 	 Batch 40/70.0 	 Total Batches 5500/350000.0 	 Time left 10:01:08.335042
03/17/2021 04:01:05 - INFO     - Completed: Epoch 86/5000 	 Batch 50/70.0 	 Total Batches 6000/350000.0 	 Time left 9:59:56.205159
03/17/2021 04:01:57 - INFO     - Completed: Epoch 93/5000 	 Batch 60/70.0 	 Total Batches 6500/350000.0 	 Time left 9:58:47.615782
03/17/2021 04:02:49 - INFO     - Completed: Epoch 100/5000 	 Batch 70/70.0 	 Total Batches 7000/350000.0 	 Time left 9:57:39.432071
03/17/2021 04:03:41 - INFO     - Completed: Epoch 108/5000 	 Batch 10/70.0 	 Total Batches 7500/350000.0 	 Time left 9:56:31.662437
03/17/2021 04:04:34 - INFO     - Completed: Epoch 115/5000 	 Batch 20/70.0 	 Total Batches 8000/350000.0 	 Time left 9:55:36.942014
03/17/2021 04:05:26 - INFO     - Completed: Epoch 122/5000 	 Batch 30/70.0 	 Total Batches 8500/350000.0 	 Time left 9:54:38.199060
03/17/2021 04:06:18 - INFO     - Completed: Epoch 129/5000 	 Batch 40/70.0 	 Total Batches 9000/350000.0 	 Time left 9:53:41.431175
03/17/2021 04:07:10 - INFO     - Completed: Epoch 136/5000 	 Batch 50/70.0 	 Total Batches 9500/350000.0 	 Time left 9:52:44.028767
03/17/2021 04:08:02 - INFO     - Completed: Epoch 143/5000 	 Batch 60/70.0 	 Total Batches 10000/350000.0 	 Time left 9:51:47.622743
03/17/2021 04:08:54 - INFO     - Completed: Epoch 150/5000 	 Batch 70/70.0 	 Total Batches 10500/350000.0 	 Time left 9:50:54.449444
03/17/2021 04:09:46 - INFO     - Completed: Epoch 158/5000 	 Batch 10/70.0 	 Total Batches 11000/350000.0 	 Time left 9:49:51.600746
03/17/2021 04:10:38 - INFO     - Completed: Epoch 165/5000 	 Batch 20/70.0 	 Total Batches 11500/350000.0 	 Time left 9:48:55.350804
03/17/2021 04:11:30 - INFO     - Completed: Epoch 172/5000 	 Batch 30/70.0 	 Total Batches 12000/350000.0 	 Time left 9:47:59.308019
03/17/2021 04:12:22 - INFO     - Completed: Epoch 179/5000 	 Batch 40/70.0 	 Total Batches 12500/350000.0 	 Time left 9:47:09.485513
03/17/2021 04:13:15 - INFO     - Completed: Epoch 186/5000 	 Batch 50/70.0 	 Total Batches 13000/350000.0 	 Time left 9:46:23.405909
03/17/2021 04:14:07 - INFO     - Completed: Epoch 193/5000 	 Batch 60/70.0 	 Total Batches 13500/350000.0 	 Time left 9:45:34.144305
03/17/2021 04:15:00 - INFO     - Completed: Epoch 200/5000 	 Batch 70/70.0 	 Total Batches 14000/350000.0 	 Time left 9:44:59.524354
03/17/2021 04:15:54 - INFO     - Completed: Epoch 208/5000 	 Batch 10/70.0 	 Total Batches 14500/350000.0 	 Time left 9:44:42.225756
03/17/2021 04:16:48 - INFO     - Completed: Epoch 215/5000 	 Batch 20/70.0 	 Total Batches 15000/350000.0 	 Time left 9:44:24.443912
03/17/2021 04:17:41 - INFO     - Completed: Epoch 222/5000 	 Batch 30/70.0 	 Total Batches 15500/350000.0 	 Time left 9:44:01.981512
03/17/2021 04:18:37 - INFO     - Completed: Epoch 229/5000 	 Batch 40/70.0 	 Total Batches 16000/350000.0 	 Time left 9:44:25.996706
03/17/2021 04:19:31 - INFO     - Completed: Epoch 236/5000 	 Batch 50/70.0 	 Total Batches 16500/350000.0 	 Time left 9:43:51.684005
03/17/2021 04:20:23 - INFO     - Completed: Epoch 243/5000 	 Batch 60/70.0 	 Total Batches 17000/350000.0 	 Time left 9:43:02.081361
03/17/2021 04:21:15 - INFO     - Completed: Epoch 250/5000 	 Batch 70/70.0 	 Total Batches 17500/350000.0 	 Time left 9:42:00.871110
03/17/2021 04:22:07 - INFO     - Completed: Epoch 258/5000 	 Batch 10/70.0 	 Total Batches 18000/350000.0 	 Time left 9:40:51.399552
03/17/2021 04:22:59 - INFO     - Completed: Epoch 265/5000 	 Batch 20/70.0 	 Total Batches 18500/350000.0 	 Time left 9:39:49.509502
03/17/2021 04:23:51 - INFO     - Completed: Epoch 272/5000 	 Batch 30/70.0 	 Total Batches 19000/350000.0 	 Time left 9:38:47.740860
03/17/2021 04:24:43 - INFO     - Completed: Epoch 279/5000 	 Batch 40/70.0 	 Total Batches 19500/350000.0 	 Time left 9:37:47.328204
03/17/2021 04:25:35 - INFO     - Completed: Epoch 286/5000 	 Batch 50/70.0 	 Total Batches 20000/350000.0 	 Time left 9:36:46.290470
03/17/2021 04:26:27 - INFO     - Completed: Epoch 293/5000 	 Batch 60/70.0 	 Total Batches 20500/350000.0 	 Time left 9:35:49.162146
03/17/2021 04:27:19 - INFO     - Completed: Epoch 300/5000 	 Batch 70/70.0 	 Total Batches 21000/350000.0 	 Time left 9:34:51.729273
03/17/2021 04:28:11 - INFO     - Completed: Epoch 308/5000 	 Batch 10/70.0 	 Total Batches 21500/350000.0 	 Time left 9:33:43.681521
03/17/2021 04:29:03 - INFO     - Completed: Epoch 315/5000 	 Batch 20/70.0 	 Total Batches 22000/350000.0 	 Time left 9:32:46.229633
03/17/2021 04:29:55 - INFO     - Completed: Epoch 322/5000 	 Batch 30/70.0 	 Total Batches 22500/350000.0 	 Time left 9:31:50.089655
03/17/2021 04:30:47 - INFO     - Completed: Epoch 329/5000 	 Batch 40/70.0 	 Total Batches 23000/350000.0 	 Time left 9:30:53.115705
03/17/2021 04:31:39 - INFO     - Completed: Epoch 336/5000 	 Batch 50/70.0 	 Total Batches 23500/350000.0 	 Time left 9:29:58.064940
03/17/2021 04:32:31 - INFO     - Completed: Epoch 343/5000 	 Batch 60/70.0 	 Total Batches 24000/350000.0 	 Time left 9:29:02.842466
03/17/2021 04:33:23 - INFO     - Completed: Epoch 350/5000 	 Batch 70/70.0 	 Total Batches 24500/350000.0 	 Time left 9:28:05.425315
03/17/2021 04:34:16 - INFO     - Completed: Epoch 358/5000 	 Batch 10/70.0 	 Total Batches 25000/350000.0 	 Time left 9:27:16.539602
03/17/2021 04:35:09 - INFO     - Completed: Epoch 365/5000 	 Batch 20/70.0 	 Total Batches 25500/350000.0 	 Time left 9:26:38.071461
03/17/2021 04:36:02 - INFO     - Completed: Epoch 372/5000 	 Batch 30/70.0 	 Total Batches 26000/350000.0 	 Time left 9:25:47.584134
03/17/2021 04:36:54 - INFO     - Completed: Epoch 379/5000 	 Batch 40/70.0 	 Total Batches 26500/350000.0 	 Time left 9:24:50.928322
03/17/2021 04:37:46 - INFO     - Completed: Epoch 386/5000 	 Batch 50/70.0 	 Total Batches 27000/350000.0 	 Time left 9:23:54.395652
03/17/2021 04:38:38 - INFO     - Completed: Epoch 393/5000 	 Batch 60/70.0 	 Total Batches 27500/350000.0 	 Time left 9:22:59.877598
03/17/2021 04:39:30 - INFO     - Completed: Epoch 400/5000 	 Batch 70/70.0 	 Total Batches 28000/350000.0 	 Time left 9:22:03.983919
03/17/2021 04:40:22 - INFO     - Completed: Epoch 408/5000 	 Batch 10/70.0 	 Total Batches 28500/350000.0 	 Time left 9:21:03.099859
03/17/2021 04:41:14 - INFO     - Completed: Epoch 415/5000 	 Batch 20/70.0 	 Total Batches 29000/350000.0 	 Time left 9:20:11.093361
03/17/2021 04:42:06 - INFO     - Completed: Epoch 422/5000 	 Batch 30/70.0 	 Total Batches 29500/350000.0 	 Time left 9:19:15.336003
03/17/2021 04:42:58 - INFO     - Completed: Epoch 429/5000 	 Batch 40/70.0 	 Total Batches 30000/350000.0 	 Time left 9:18:20.408162
03/17/2021 04:43:50 - INFO     - Completed: Epoch 436/5000 	 Batch 50/70.0 	 Total Batches 30500/350000.0 	 Time left 9:17:29.760806
03/17/2021 04:44:43 - INFO     - Completed: Epoch 443/5000 	 Batch 60/70.0 	 Total Batches 31000/350000.0 	 Time left 9:16:38.556171
03/17/2021 04:45:35 - INFO     - Completed: Epoch 450/5000 	 Batch 70/70.0 	 Total Batches 31500/350000.0 	 Time left 9:15:49.282321
03/17/2021 04:46:28 - INFO     - Completed: Epoch 458/5000 	 Batch 10/70.0 	 Total Batches 32000/350000.0 	 Time left 9:14:50.451623
03/17/2021 04:47:20 - INFO     - Completed: Epoch 465/5000 	 Batch 20/70.0 	 Total Batches 32500/350000.0 	 Time left 9:14:00.379168
03/17/2021 04:48:12 - INFO     - Completed: Epoch 472/5000 	 Batch 30/70.0 	 Total Batches 33000/350000.0 	 Time left 9:13:08.808398
03/17/2021 04:49:05 - INFO     - Completed: Epoch 479/5000 	 Batch 40/70.0 	 Total Batches 33500/350000.0 	 Time left 9:12:20.630318
03/17/2021 04:49:58 - INFO     - Completed: Epoch 486/5000 	 Batch 50/70.0 	 Total Batches 34000/350000.0 	 Time left 9:11:35.337004
03/17/2021 04:50:52 - INFO     - Completed: Epoch 493/5000 	 Batch 60/70.0 	 Total Batches 34500/350000.0 	 Time left 9:10:54.201478
03/17/2021 04:51:45 - INFO     - Completed: Epoch 500/5000 	 Batch 70/70.0 	 Total Batches 35000/350000.0 	 Time left 9:10:09.791256
03/17/2021 04:52:38 - INFO     - Completed: Epoch 508/5000 	 Batch 10/70.0 	 Total Batches 35500/350000.0 	 Time left 9:09:15.728854
03/17/2021 04:53:30 - INFO     - Completed: Epoch 515/5000 	 Batch 20/70.0 	 Total Batches 36000/350000.0 	 Time left 9:08:27.414058
03/17/2021 04:54:23 - INFO     - Completed: Epoch 522/5000 	 Batch 30/70.0 	 Total Batches 36500/350000.0 	 Time left 9:07:40.769600
03/17/2021 04:55:16 - INFO     - Completed: Epoch 529/5000 	 Batch 40/70.0 	 Total Batches 37000/350000.0 	 Time left 9:06:53.221606
03/17/2021 04:56:09 - INFO     - Completed: Epoch 536/5000 	 Batch 50/70.0 	 Total Batches 37500/350000.0 	 Time left 9:06:07.669640
03/17/2021 04:57:02 - INFO     - Completed: Epoch 543/5000 	 Batch 60/70.0 	 Total Batches 38000/350000.0 	 Time left 9:05:21.950878
03/17/2021 04:57:55 - INFO     - Completed: Epoch 550/5000 	 Batch 70/70.0 	 Total Batches 38500/350000.0 	 Time left 9:04:32.368703
03/17/2021 04:58:47 - INFO     - Completed: Epoch 558/5000 	 Batch 10/70.0 	 Total Batches 39000/350000.0 	 Time left 9:03:31.031795
03/17/2021 04:59:39 - INFO     - Completed: Epoch 565/5000 	 Batch 20/70.0 	 Total Batches 39500/350000.0 	 Time left 9:02:36.944565
03/17/2021 05:00:32 - INFO     - Completed: Epoch 572/5000 	 Batch 30/70.0 	 Total Batches 40000/350000.0 	 Time left 9:01:44.444242
03/17/2021 05:01:24 - INFO     - Completed: Epoch 579/5000 	 Batch 40/70.0 	 Total Batches 40500/350000.0 	 Time left 9:00:52.384794
03/17/2021 05:02:16 - INFO     - Completed: Epoch 586/5000 	 Batch 50/70.0 	 Total Batches 41000/350000.0 	 Time left 9:00:00.957549
03/17/2021 05:03:09 - INFO     - Completed: Epoch 593/5000 	 Batch 60/70.0 	 Total Batches 41500/350000.0 	 Time left 8:59:10.126341
03/17/2021 05:04:02 - INFO     - Completed: Epoch 600/5000 	 Batch 70/70.0 	 Total Batches 42000/350000.0 	 Time left 8:58:24.282126
03/17/2021 05:04:55 - INFO     - Completed: Epoch 608/5000 	 Batch 10/70.0 	 Total Batches 42500/350000.0 	 Time left 8:57:29.417319
03/17/2021 05:05:49 - INFO     - Completed: Epoch 615/5000 	 Batch 20/70.0 	 Total Batches 43000/350000.0 	 Time left 8:56:47.988097
03/17/2021 05:06:43 - INFO     - Completed: Epoch 622/5000 	 Batch 30/70.0 	 Total Batches 43500/350000.0 	 Time left 8:56:07.237722
03/17/2021 05:07:35 - INFO     - Completed: Epoch 629/5000 	 Batch 40/70.0 	 Total Batches 44000/350000.0 	 Time left 8:55:15.393409
03/17/2021 05:08:27 - INFO     - Completed: Epoch 636/5000 	 Batch 50/70.0 	 Total Batches 44500/350000.0 	 Time left 8:54:22.582403
03/17/2021 05:09:20 - INFO     - Completed: Epoch 643/5000 	 Batch 60/70.0 	 Total Batches 45000/350000.0 	 Time left 8:53:31.977812
03/17/2021 05:10:12 - INFO     - Completed: Epoch 650/5000 	 Batch 70/70.0 	 Total Batches 45500/350000.0 	 Time left 8:52:41.026428
03/17/2021 05:11:05 - INFO     - Completed: Epoch 658/5000 	 Batch 10/70.0 	 Total Batches 46000/350000.0 	 Time left 8:51:40.173464
03/17/2021 05:11:57 - INFO     - Completed: Epoch 665/5000 	 Batch 20/70.0 	 Total Batches 46500/350000.0 	 Time left 8:50:45.420528
03/17/2021 05:12:48 - INFO     - Completed: Epoch 672/5000 	 Batch 30/70.0 	 Total Batches 47000/350000.0 	 Time left 8:49:50.293966
03/17/2021 05:13:40 - INFO     - Completed: Epoch 679/5000 	 Batch 40/70.0 	 Total Batches 47500/350000.0 	 Time left 8:48:55.825475
03/17/2021 05:14:32 - INFO     - Completed: Epoch 686/5000 	 Batch 50/70.0 	 Total Batches 48000/350000.0 	 Time left 8:48:02.272078
03/17/2021 05:15:25 - INFO     - Completed: Epoch 693/5000 	 Batch 60/70.0 	 Total Batches 48500/350000.0 	 Time left 8:47:08.645501
03/17/2021 05:16:17 - INFO     - Completed: Epoch 700/5000 	 Batch 70/70.0 	 Total Batches 49000/350000.0 	 Time left 8:46:16.771084
03/17/2021 05:17:09 - INFO     - Completed: Epoch 708/5000 	 Batch 10/70.0 	 Total Batches 49500/350000.0 	 Time left 8:45:17.262958
03/17/2021 05:18:02 - INFO     - Completed: Epoch 715/5000 	 Batch 20/70.0 	 Total Batches 50000/350000.0 	 Time left 8:44:26.146658
03/17/2021 05:18:54 - INFO     - Completed: Epoch 722/5000 	 Batch 30/70.0 	 Total Batches 50500/350000.0 	 Time left 8:43:34.791110
03/17/2021 05:19:47 - INFO     - Completed: Epoch 729/5000 	 Batch 40/70.0 	 Total Batches 51000/350000.0 	 Time left 8:42:43.465288
03/17/2021 05:20:39 - INFO     - Completed: Epoch 736/5000 	 Batch 50/70.0 	 Total Batches 51500/350000.0 	 Time left 8:41:52.109823
03/17/2021 05:21:31 - INFO     - Completed: Epoch 743/5000 	 Batch 60/70.0 	 Total Batches 52000/350000.0 	 Time left 8:40:59.878175
03/17/2021 05:22:24 - INFO     - Completed: Epoch 750/5000 	 Batch 70/70.0 	 Total Batches 52500/350000.0 	 Time left 8:40:08.208597
03/17/2021 05:23:16 - INFO     - Completed: Epoch 758/5000 	 Batch 10/70.0 	 Total Batches 53000/350000.0 	 Time left 8:39:09.249965
03/17/2021 05:24:08 - INFO     - Completed: Epoch 765/5000 	 Batch 20/70.0 	 Total Batches 53500/350000.0 	 Time left 8:38:15.908293
03/17/2021 05:25:00 - INFO     - Completed: Epoch 772/5000 	 Batch 30/70.0 	 Total Batches 54000/350000.0 	 Time left 8:37:21.936875
03/17/2021 05:25:52 - INFO     - Completed: Epoch 779/5000 	 Batch 40/70.0 	 Total Batches 54500/350000.0 	 Time left 8:36:28.102181
03/17/2021 05:26:44 - INFO     - Completed: Epoch 786/5000 	 Batch 50/70.0 	 Total Batches 55000/350000.0 	 Time left 8:35:33.773285
03/17/2021 05:27:36 - INFO     - Completed: Epoch 793/5000 	 Batch 60/70.0 	 Total Batches 55500/350000.0 	 Time left 8:34:41.352558
03/17/2021 05:28:28 - INFO     - Completed: Epoch 800/5000 	 Batch 70/70.0 	 Total Batches 56000/350000.0 	 Time left 8:33:47.639702
03/17/2021 05:29:20 - INFO     - Completed: Epoch 808/5000 	 Batch 10/70.0 	 Total Batches 56500/350000.0 	 Time left 8:32:46.613168
03/17/2021 05:30:13 - INFO     - Completed: Epoch 815/5000 	 Batch 20/70.0 	 Total Batches 57000/350000.0 	 Time left 8:31:54.575547
03/17/2021 05:31:05 - INFO     - Completed: Epoch 822/5000 	 Batch 30/70.0 	 Total Batches 57500/350000.0 	 Time left 8:31:03.320117
03/17/2021 05:31:57 - INFO     - Completed: Epoch 829/5000 	 Batch 40/70.0 	 Total Batches 58000/350000.0 	 Time left 8:30:11.134094
03/17/2021 05:32:50 - INFO     - Completed: Epoch 836/5000 	 Batch 50/70.0 	 Total Batches 58500/350000.0 	 Time left 8:29:20.119106
03/17/2021 05:33:42 - INFO     - Completed: Epoch 843/5000 	 Batch 60/70.0 	 Total Batches 59000/350000.0 	 Time left 8:28:28.161216
03/17/2021 05:34:34 - INFO     - Completed: Epoch 850/5000 	 Batch 70/70.0 	 Total Batches 59500/350000.0 	 Time left 8:27:36.688465
03/17/2021 05:35:27 - INFO     - Completed: Epoch 858/5000 	 Batch 10/70.0 	 Total Batches 60000/350000.0 	 Time left 8:26:37.273505
03/17/2021 05:36:19 - INFO     - Completed: Epoch 865/5000 	 Batch 20/70.0 	 Total Batches 60500/350000.0 	 Time left 8:25:43.890827
03/17/2021 05:37:11 - INFO     - Completed: Epoch 872/5000 	 Batch 30/70.0 	 Total Batches 61000/350000.0 	 Time left 8:24:51.003261
03/17/2021 05:38:03 - INFO     - Completed: Epoch 879/5000 	 Batch 40/70.0 	 Total Batches 61500/350000.0 	 Time left 8:23:57.827751
03/17/2021 05:38:55 - INFO     - Completed: Epoch 886/5000 	 Batch 50/70.0 	 Total Batches 62000/350000.0 	 Time left 8:23:04.688855
03/17/2021 05:39:47 - INFO     - Completed: Epoch 893/5000 	 Batch 60/70.0 	 Total Batches 62500/350000.0 	 Time left 8:22:12.308493
03/17/2021 05:40:39 - INFO     - Completed: Epoch 900/5000 	 Batch 70/70.0 	 Total Batches 63000/350000.0 	 Time left 8:21:20.245794
03/17/2021 05:41:31 - INFO     - Completed: Epoch 908/5000 	 Batch 10/70.0 	 Total Batches 63500/350000.0 	 Time left 8:20:21.136478
03/17/2021 05:42:24 - INFO     - Completed: Epoch 915/5000 	 Batch 20/70.0 	 Total Batches 64000/350000.0 	 Time left 8:19:31.032024
03/17/2021 05:43:17 - INFO     - Completed: Epoch 922/5000 	 Batch 30/70.0 	 Total Batches 64500/350000.0 	 Time left 8:18:40.282245
03/17/2021 05:44:09 - INFO     - Completed: Epoch 929/5000 	 Batch 40/70.0 	 Total Batches 65000/350000.0 	 Time left 8:17:49.378426
03/17/2021 05:45:01 - INFO     - Completed: Epoch 936/5000 	 Batch 50/70.0 	 Total Batches 65500/350000.0 	 Time left 8:16:57.224896
03/17/2021 05:45:54 - INFO     - Completed: Epoch 943/5000 	 Batch 60/70.0 	 Total Batches 66000/350000.0 	 Time left 8:16:05.290142
03/17/2021 05:46:45 - INFO     - Completed: Epoch 950/5000 	 Batch 70/70.0 	 Total Batches 66500/350000.0 	 Time left 8:15:12.118201
03/17/2021 05:47:37 - INFO     - Completed: Epoch 958/5000 	 Batch 10/70.0 	 Total Batches 67000/350000.0 	 Time left 8:14:11.570230
03/17/2021 05:48:29 - INFO     - Completed: Epoch 965/5000 	 Batch 20/70.0 	 Total Batches 67500/350000.0 	 Time left 8:13:18.705443
03/17/2021 05:49:22 - INFO     - Completed: Epoch 972/5000 	 Batch 30/70.0 	 Total Batches 68000/350000.0 	 Time left 8:12:26.502611
03/17/2021 05:50:14 - INFO     - Completed: Epoch 979/5000 	 Batch 40/70.0 	 Total Batches 68500/350000.0 	 Time left 8:11:35.077949
03/17/2021 05:51:06 - INFO     - Completed: Epoch 986/5000 	 Batch 50/70.0 	 Total Batches 69000/350000.0 	 Time left 8:10:43.842966
03/17/2021 05:51:59 - INFO     - Completed: Epoch 993/5000 	 Batch 60/70.0 	 Total Batches 69500/350000.0 	 Time left 8:09:52.376685
03/17/2021 05:52:51 - INFO     - Completed: Epoch 1000/5000 	 Batch 70/70.0 	 Total Batches 70000/350000.0 	 Time left 8:09:01.108308
03/17/2021 05:53:44 - INFO     - Completed: Epoch 1008/5000 	 Batch 10/70.0 	 Total Batches 70500/350000.0 	 Time left 8:08:03.854776
03/17/2021 05:54:37 - INFO     - Completed: Epoch 1015/5000 	 Batch 20/70.0 	 Total Batches 71000/350000.0 	 Time left 8:07:13.469609
03/17/2021 05:55:29 - INFO     - Completed: Epoch 1022/5000 	 Batch 30/70.0 	 Total Batches 71500/350000.0 	 Time left 8:06:21.767486
03/17/2021 05:56:21 - INFO     - Completed: Epoch 1029/5000 	 Batch 40/70.0 	 Total Batches 72000/350000.0 	 Time left 8:05:31.210883
03/17/2021 05:57:14 - INFO     - Completed: Epoch 1036/5000 	 Batch 50/70.0 	 Total Batches 72500/350000.0 	 Time left 8:04:39.466145
03/17/2021 05:58:07 - INFO     - Completed: Epoch 1043/5000 	 Batch 60/70.0 	 Total Batches 73000/350000.0 	 Time left 8:03:50.655923
03/17/2021 05:59:00 - INFO     - Completed: Epoch 1050/5000 	 Batch 70/70.0 	 Total Batches 73500/350000.0 	 Time left 8:03:02.575540
03/17/2021 05:59:53 - INFO     - Completed: Epoch 1058/5000 	 Batch 10/70.0 	 Total Batches 74000/350000.0 	 Time left 8:02:05.117872
03/17/2021 06:00:45 - INFO     - Completed: Epoch 1065/5000 	 Batch 20/70.0 	 Total Batches 74500/350000.0 	 Time left 8:01:11.963897
03/17/2021 06:01:37 - INFO     - Completed: Epoch 1072/5000 	 Batch 30/70.0 	 Total Batches 75000/350000.0 	 Time left 8:00:19.289319
03/17/2021 06:02:29 - INFO     - Completed: Epoch 1079/5000 	 Batch 40/70.0 	 Total Batches 75500/350000.0 	 Time left 7:59:27.540042
03/17/2021 06:03:21 - INFO     - Completed: Epoch 1086/5000 	 Batch 50/70.0 	 Total Batches 76000/350000.0 	 Time left 7:58:35.191714
03/17/2021 06:04:14 - INFO     - Completed: Epoch 1093/5000 	 Batch 60/70.0 	 Total Batches 76500/350000.0 	 Time left 7:57:44.537471
03/17/2021 06:05:06 - INFO     - Completed: Epoch 1100/5000 	 Batch 70/70.0 	 Total Batches 77000/350000.0 	 Time left 7:56:53.844801
03/17/2021 06:05:59 - INFO     - Completed: Epoch 1108/5000 	 Batch 10/70.0 	 Total Batches 77500/350000.0 	 Time left 7:55:55.242832
03/17/2021 06:06:51 - INFO     - Completed: Epoch 1115/5000 	 Batch 20/70.0 	 Total Batches 78000/350000.0 	 Time left 7:55:05.387972
03/17/2021 06:07:44 - INFO     - Completed: Epoch 1122/5000 	 Batch 30/70.0 	 Total Batches 78500/350000.0 	 Time left 7:54:14.690644
03/17/2021 06:08:37 - INFO     - Completed: Epoch 1129/5000 	 Batch 40/70.0 	 Total Batches 79000/350000.0 	 Time left 7:53:23.632763
03/17/2021 06:09:29 - INFO     - Completed: Epoch 1136/5000 	 Batch 50/70.0 	 Total Batches 79500/350000.0 	 Time left 7:52:32.394122
03/17/2021 06:10:22 - INFO     - Completed: Epoch 1143/5000 	 Batch 60/70.0 	 Total Batches 80000/350000.0 	 Time left 7:51:42.232676
03/17/2021 06:11:15 - INFO     - Completed: Epoch 1150/5000 	 Batch 70/70.0 	 Total Batches 80500/350000.0 	 Time left 7:50:54.111648
03/17/2021 06:12:08 - INFO     - Completed: Epoch 1158/5000 	 Batch 10/70.0 	 Total Batches 81000/350000.0 	 Time left 7:49:56.166094
03/17/2021 06:13:00 - INFO     - Completed: Epoch 1165/5000 	 Batch 20/70.0 	 Total Batches 81500/350000.0 	 Time left 7:49:04.019913
03/17/2021 06:13:52 - INFO     - Completed: Epoch 1172/5000 	 Batch 30/70.0 	 Total Batches 82000/350000.0 	 Time left 7:48:11.904126
03/17/2021 06:14:44 - INFO     - Completed: Epoch 1179/5000 	 Batch 40/70.0 	 Total Batches 82500/350000.0 	 Time left 7:47:19.808162
03/17/2021 06:15:37 - INFO     - Completed: Epoch 1186/5000 	 Batch 50/70.0 	 Total Batches 83000/350000.0 	 Time left 7:46:29.609094
03/17/2021 06:16:30 - INFO     - Completed: Epoch 1193/5000 	 Batch 60/70.0 	 Total Batches 83500/350000.0 	 Time left 7:45:39.504800
03/17/2021 06:17:23 - INFO     - Completed: Epoch 1200/5000 	 Batch 70/70.0 	 Total Batches 84000/350000.0 	 Time left 7:44:49.471390
03/17/2021 06:18:15 - INFO     - Completed: Epoch 1208/5000 	 Batch 10/70.0 	 Total Batches 84500/350000.0 	 Time left 7:43:50.285744
03/17/2021 06:19:07 - INFO     - Completed: Epoch 1215/5000 	 Batch 20/70.0 	 Total Batches 85000/350000.0 	 Time left 7:42:58.796969
03/17/2021 06:20:00 - INFO     - Completed: Epoch 1222/5000 	 Batch 30/70.0 	 Total Batches 85500/350000.0 	 Time left 7:42:08.784010
03/17/2021 06:20:53 - INFO     - Completed: Epoch 1229/5000 	 Batch 40/70.0 	 Total Batches 86000/350000.0 	 Time left 7:41:18.208969
03/17/2021 06:21:45 - INFO     - Completed: Epoch 1236/5000 	 Batch 50/70.0 	 Total Batches 86500/350000.0 	 Time left 7:40:27.261551
03/17/2021 06:22:38 - INFO     - Completed: Epoch 1243/5000 	 Batch 60/70.0 	 Total Batches 87000/350000.0 	 Time left 7:39:36.883646
03/17/2021 06:23:31 - INFO     - Completed: Epoch 1250/5000 	 Batch 70/70.0 	 Total Batches 87500/350000.0 	 Time left 7:38:46.153587
03/17/2021 06:24:23 - INFO     - Completed: Epoch 1258/5000 	 Batch 10/70.0 	 Total Batches 88000/350000.0 	 Time left 7:37:46.869413
03/17/2021 06:25:16 - INFO     - Completed: Epoch 1265/5000 	 Batch 20/70.0 	 Total Batches 88500/350000.0 	 Time left 7:36:56.281629
03/17/2021 06:26:09 - INFO     - Completed: Epoch 1272/5000 	 Batch 30/70.0 	 Total Batches 89000/350000.0 	 Time left 7:36:07.622807
03/17/2021 06:27:01 - INFO     - Completed: Epoch 1279/5000 	 Batch 40/70.0 	 Total Batches 89500/350000.0 	 Time left 7:35:15.538350
03/17/2021 06:27:53 - INFO     - Completed: Epoch 1286/5000 	 Batch 50/70.0 	 Total Batches 90000/350000.0 	 Time left 7:34:23.198893
03/17/2021 06:28:45 - INFO     - Completed: Epoch 1293/5000 	 Batch 60/70.0 	 Total Batches 90500/350000.0 	 Time left 7:33:31.427445
03/17/2021 06:29:37 - INFO     - Completed: Epoch 1300/5000 	 Batch 70/70.0 	 Total Batches 91000/350000.0 	 Time left 7:32:38.699972
03/17/2021 06:30:29 - INFO     - Completed: Epoch 1308/5000 	 Batch 10/70.0 	 Total Batches 91500/350000.0 	 Time left 7:31:38.902427
03/17/2021 06:31:22 - INFO     - Completed: Epoch 1315/5000 	 Batch 20/70.0 	 Total Batches 92000/350000.0 	 Time left 7:30:47.050574
03/17/2021 06:32:14 - INFO     - Completed: Epoch 1322/5000 	 Batch 30/70.0 	 Total Batches 92500/350000.0 	 Time left 7:29:55.098146
03/17/2021 06:33:06 - INFO     - Completed: Epoch 1329/5000 	 Batch 40/70.0 	 Total Batches 93000/350000.0 	 Time left 7:29:03.904071
03/17/2021 06:33:59 - INFO     - Completed: Epoch 1336/5000 	 Batch 50/70.0 	 Total Batches 93500/350000.0 	 Time left 7:28:12.682166
03/17/2021 06:34:51 - INFO     - Completed: Epoch 1343/5000 	 Batch 60/70.0 	 Total Batches 94000/350000.0 	 Time left 7:27:20.994348
03/17/2021 06:35:43 - INFO     - Completed: Epoch 1350/5000 	 Batch 70/70.0 	 Total Batches 94500/350000.0 	 Time left 7:26:29.450279
03/17/2021 06:36:36 - INFO     - Completed: Epoch 1358/5000 	 Batch 10/70.0 	 Total Batches 95000/350000.0 	 Time left 7:25:30.905160
03/17/2021 06:37:28 - INFO     - Completed: Epoch 1365/5000 	 Batch 20/70.0 	 Total Batches 95500/350000.0 	 Time left 7:24:39.752922
03/17/2021 06:38:21 - INFO     - Completed: Epoch 1372/5000 	 Batch 30/70.0 	 Total Batches 96000/350000.0 	 Time left 7:23:48.806824
03/17/2021 06:39:13 - INFO     - Completed: Epoch 1379/5000 	 Batch 40/70.0 	 Total Batches 96500/350000.0 	 Time left 7:22:57.505572
03/17/2021 06:40:06 - INFO     - Completed: Epoch 1386/5000 	 Batch 50/70.0 	 Total Batches 97000/350000.0 	 Time left 7:22:05.870735
03/17/2021 06:40:58 - INFO     - Completed: Epoch 1393/5000 	 Batch 60/70.0 	 Total Batches 97500/350000.0 	 Time left 7:21:13.306523
03/17/2021 06:41:50 - INFO     - Completed: Epoch 1400/5000 	 Batch 70/70.0 	 Total Batches 98000/350000.0 	 Time left 7:20:20.702197
03/17/2021 06:42:42 - INFO     - Completed: Epoch 1408/5000 	 Batch 10/70.0 	 Total Batches 98500/350000.0 	 Time left 7:19:21.026371
03/17/2021 06:43:34 - INFO     - Completed: Epoch 1415/5000 	 Batch 20/70.0 	 Total Batches 99000/350000.0 	 Time left 7:18:28.532179
03/17/2021 06:44:26 - INFO     - Completed: Epoch 1422/5000 	 Batch 30/70.0 	 Total Batches 99500/350000.0 	 Time left 7:17:36.026294
03/17/2021 06:45:18 - INFO     - Completed: Epoch 1429/5000 	 Batch 40/70.0 	 Total Batches 100000/350000.0 	 Time left 7:16:44.067817
03/17/2021 06:46:10 - INFO     - Completed: Epoch 1436/5000 	 Batch 50/70.0 	 Total Batches 100500/350000.0 	 Time left 7:15:52.134773
03/17/2021 06:47:02 - INFO     - Completed: Epoch 1443/5000 	 Batch 60/70.0 	 Total Batches 101000/350000.0 	 Time left 7:15:00.334048
03/17/2021 06:47:55 - INFO     - Completed: Epoch 1450/5000 	 Batch 70/70.0 	 Total Batches 101500/350000.0 	 Time left 7:14:09.575440
03/17/2021 06:48:47 - INFO     - Completed: Epoch 1458/5000 	 Batch 10/70.0 	 Total Batches 102000/350000.0 	 Time left 7:13:11.270880
03/17/2021 06:49:40 - INFO     - Completed: Epoch 1465/5000 	 Batch 20/70.0 	 Total Batches 102500/350000.0 	 Time left 7:12:20.489768
03/17/2021 06:50:32 - INFO     - Completed: Epoch 1472/5000 	 Batch 30/70.0 	 Total Batches 103000/350000.0 	 Time left 7:11:29.237703
03/17/2021 06:51:25 - INFO     - Completed: Epoch 1479/5000 	 Batch 40/70.0 	 Total Batches 103500/350000.0 	 Time left 7:10:38.763916
03/17/2021 06:52:17 - INFO     - Completed: Epoch 1486/5000 	 Batch 50/70.0 	 Total Batches 104000/350000.0 	 Time left 7:09:47.314676
03/17/2021 06:53:11 - INFO     - Completed: Epoch 1493/5000 	 Batch 60/70.0 	 Total Batches 104500/350000.0 	 Time left 7:08:57.058472
03/17/2021 06:54:05 - INFO     - Completed: Epoch 1500/5000 	 Batch 70/70.0 	 Total Batches 105000/350000.0 	 Time left 7:08:09.615052
03/17/2021 06:54:58 - INFO     - Completed: Epoch 1508/5000 	 Batch 10/70.0 	 Total Batches 105500/350000.0 	 Time left 7:07:14.599125
03/17/2021 06:55:50 - INFO     - Completed: Epoch 1515/5000 	 Batch 20/70.0 	 Total Batches 106000/350000.0 	 Time left 7:06:22.375572
03/17/2021 06:56:43 - INFO     - Completed: Epoch 1522/5000 	 Batch 30/70.0 	 Total Batches 106500/350000.0 	 Time left 7:05:30.137296
03/17/2021 06:57:35 - INFO     - Completed: Epoch 1529/5000 	 Batch 40/70.0 	 Total Batches 107000/350000.0 	 Time left 7:04:37.845883
03/17/2021 06:58:26 - INFO     - Completed: Epoch 1536/5000 	 Batch 50/70.0 	 Total Batches 107500/350000.0 	 Time left 7:03:45.421987
03/17/2021 06:59:19 - INFO     - Completed: Epoch 1543/5000 	 Batch 60/70.0 	 Total Batches 108000/350000.0 	 Time left 7:02:53.280120
03/17/2021 07:00:11 - INFO     - Completed: Epoch 1550/5000 	 Batch 70/70.0 	 Total Batches 108500/350000.0 	 Time left 7:02:01.230136
03/17/2021 07:01:03 - INFO     - Completed: Epoch 1558/5000 	 Batch 10/70.0 	 Total Batches 109000/350000.0 	 Time left 7:01:01.872275
03/17/2021 07:01:55 - INFO     - Completed: Epoch 1565/5000 	 Batch 20/70.0 	 Total Batches 109500/350000.0 	 Time left 7:00:10.025757
03/17/2021 07:02:47 - INFO     - Completed: Epoch 1572/5000 	 Batch 30/70.0 	 Total Batches 110000/350000.0 	 Time left 6:59:18.633325
03/17/2021 07:03:40 - INFO     - Completed: Epoch 1579/5000 	 Batch 40/70.0 	 Total Batches 110500/350000.0 	 Time left 6:58:27.432956
03/17/2021 07:04:32 - INFO     - Completed: Epoch 1586/5000 	 Batch 50/70.0 	 Total Batches 111000/350000.0 	 Time left 6:57:35.562743
03/17/2021 07:05:24 - INFO     - Completed: Epoch 1593/5000 	 Batch 60/70.0 	 Total Batches 111500/350000.0 	 Time left 6:56:44.234469
03/17/2021 07:06:17 - INFO     - Completed: Epoch 1600/5000 	 Batch 70/70.0 	 Total Batches 112000/350000.0 	 Time left 6:55:52.846788
03/17/2021 07:07:09 - INFO     - Completed: Epoch 1608/5000 	 Batch 10/70.0 	 Total Batches 112500/350000.0 	 Time left 6:54:53.587095
03/17/2021 07:08:01 - INFO     - Completed: Epoch 1615/5000 	 Batch 20/70.0 	 Total Batches 113000/350000.0 	 Time left 6:54:01.871765
03/17/2021 07:08:53 - INFO     - Completed: Epoch 1622/5000 	 Batch 30/70.0 	 Total Batches 113500/350000.0 	 Time left 6:53:10.182814
03/17/2021 07:09:46 - INFO     - Completed: Epoch 1629/5000 	 Batch 40/70.0 	 Total Batches 114000/350000.0 	 Time left 6:52:18.469494
03/17/2021 07:10:38 - INFO     - Completed: Epoch 1636/5000 	 Batch 50/70.0 	 Total Batches 114500/350000.0 	 Time left 6:51:26.216115
03/17/2021 07:11:30 - INFO     - Completed: Epoch 1643/5000 	 Batch 60/70.0 	 Total Batches 115000/350000.0 	 Time left 6:50:33.876306
03/17/2021 07:12:22 - INFO     - Completed: Epoch 1650/5000 	 Batch 70/70.0 	 Total Batches 115500/350000.0 	 Time left 6:49:41.815922
03/17/2021 07:13:14 - INFO     - Completed: Epoch 1658/5000 	 Batch 10/70.0 	 Total Batches 116000/350000.0 	 Time left 6:48:42.206279
03/17/2021 07:14:05 - INFO     - Completed: Epoch 1665/5000 	 Batch 20/70.0 	 Total Batches 116500/350000.0 	 Time left 6:47:49.926988
03/17/2021 07:14:57 - INFO     - Completed: Epoch 1672/5000 	 Batch 30/70.0 	 Total Batches 117000/350000.0 	 Time left 6:46:57.806999
03/17/2021 07:15:50 - INFO     - Completed: Epoch 1679/5000 	 Batch 40/70.0 	 Total Batches 117500/350000.0 	 Time left 6:46:05.871394
03/17/2021 07:16:42 - INFO     - Completed: Epoch 1686/5000 	 Batch 50/70.0 	 Total Batches 118000/350000.0 	 Time left 6:45:14.310917
03/17/2021 07:17:34 - INFO     - Completed: Epoch 1693/5000 	 Batch 60/70.0 	 Total Batches 118500/350000.0 	 Time left 6:44:23.007199
03/17/2021 07:18:27 - INFO     - Completed: Epoch 1700/5000 	 Batch 70/70.0 	 Total Batches 119000/350000.0 	 Time left 6:43:31.783026
03/17/2021 07:19:19 - INFO     - Completed: Epoch 1708/5000 	 Batch 10/70.0 	 Total Batches 119500/350000.0 	 Time left 6:42:32.651735
03/17/2021 07:20:11 - INFO     - Completed: Epoch 1715/5000 	 Batch 20/70.0 	 Total Batches 120000/350000.0 	 Time left 6:41:41.139903
03/17/2021 07:21:04 - INFO     - Completed: Epoch 1722/5000 	 Batch 30/70.0 	 Total Batches 120500/350000.0 	 Time left 6:40:49.780409
03/17/2021 07:21:56 - INFO     - Completed: Epoch 1729/5000 	 Batch 40/70.0 	 Total Batches 121000/350000.0 	 Time left 6:39:57.978315
03/17/2021 07:22:48 - INFO     - Completed: Epoch 1736/5000 	 Batch 50/70.0 	 Total Batches 121500/350000.0 	 Time left 6:39:06.481361
03/17/2021 07:23:40 - INFO     - Completed: Epoch 1743/5000 	 Batch 60/70.0 	 Total Batches 122000/350000.0 	 Time left 6:38:14.959690
03/17/2021 07:24:32 - INFO     - Completed: Epoch 1750/5000 	 Batch 70/70.0 	 Total Batches 122500/350000.0 	 Time left 6:37:23.323775
03/17/2021 07:25:24 - INFO     - Completed: Epoch 1758/5000 	 Batch 10/70.0 	 Total Batches 123000/350000.0 	 Time left 6:36:23.614913
03/17/2021 07:26:16 - INFO     - Completed: Epoch 1765/5000 	 Batch 20/70.0 	 Total Batches 123500/350000.0 	 Time left 6:35:31.634991
03/17/2021 07:27:08 - INFO     - Completed: Epoch 1772/5000 	 Batch 30/70.0 	 Total Batches 124000/350000.0 	 Time left 6:34:39.594280
03/17/2021 07:28:00 - INFO     - Completed: Epoch 1779/5000 	 Batch 40/70.0 	 Total Batches 124500/350000.0 	 Time left 6:33:47.671442
03/17/2021 07:28:53 - INFO     - Completed: Epoch 1786/5000 	 Batch 50/70.0 	 Total Batches 125000/350000.0 	 Time left 6:32:55.792351
03/17/2021 07:29:45 - INFO     - Completed: Epoch 1793/5000 	 Batch 60/70.0 	 Total Batches 125500/350000.0 	 Time left 6:32:04.147896
03/17/2021 07:30:37 - INFO     - Completed: Epoch 1800/5000 	 Batch 70/70.0 	 Total Batches 126000/350000.0 	 Time left 6:31:12.660651
03/17/2021 07:31:29 - INFO     - Completed: Epoch 1808/5000 	 Batch 10/70.0 	 Total Batches 126500/350000.0 	 Time left 6:30:13.890784
03/17/2021 07:32:22 - INFO     - Completed: Epoch 1815/5000 	 Batch 20/70.0 	 Total Batches 127000/350000.0 	 Time left 6:29:22.409499
03/17/2021 07:33:14 - INFO     - Completed: Epoch 1822/5000 	 Batch 30/70.0 	 Total Batches 127500/350000.0 	 Time left 6:28:30.806811
03/17/2021 07:34:06 - INFO     - Completed: Epoch 1829/5000 	 Batch 40/70.0 	 Total Batches 128000/350000.0 	 Time left 6:27:39.235413
03/17/2021 07:34:58 - INFO     - Completed: Epoch 1836/5000 	 Batch 50/70.0 	 Total Batches 128500/350000.0 	 Time left 6:26:47.476718
03/17/2021 07:35:50 - INFO     - Completed: Epoch 1843/5000 	 Batch 60/70.0 	 Total Batches 129000/350000.0 	 Time left 6:25:55.953991
03/17/2021 07:36:43 - INFO     - Completed: Epoch 1850/5000 	 Batch 70/70.0 	 Total Batches 129500/350000.0 	 Time left 6:25:04.454779
03/17/2021 07:37:35 - INFO     - Completed: Epoch 1858/5000 	 Batch 10/70.0 	 Total Batches 130000/350000.0 	 Time left 6:24:05.634659
03/17/2021 07:38:27 - INFO     - Completed: Epoch 1865/5000 	 Batch 20/70.0 	 Total Batches 130500/350000.0 	 Time left 6:23:14.322050
03/17/2021 07:39:19 - INFO     - Completed: Epoch 1872/5000 	 Batch 30/70.0 	 Total Batches 131000/350000.0 	 Time left 6:22:22.251147
03/17/2021 07:40:11 - INFO     - Completed: Epoch 1879/5000 	 Batch 40/70.0 	 Total Batches 131500/350000.0 	 Time left 6:21:30.401064
03/17/2021 07:41:03 - INFO     - Completed: Epoch 1886/5000 	 Batch 50/70.0 	 Total Batches 132000/350000.0 	 Time left 6:20:38.558241
03/17/2021 07:41:55 - INFO     - Completed: Epoch 1893/5000 	 Batch 60/70.0 	 Total Batches 132500/350000.0 	 Time left 6:19:46.572325
03/17/2021 07:42:48 - INFO     - Completed: Epoch 1900/5000 	 Batch 70/70.0 	 Total Batches 133000/350000.0 	 Time left 6:18:54.938941
03/17/2021 07:43:40 - INFO     - Completed: Epoch 1908/5000 	 Batch 10/70.0 	 Total Batches 133500/350000.0 	 Time left 6:17:56.085805
03/17/2021 07:44:32 - INFO     - Completed: Epoch 1915/5000 	 Batch 20/70.0 	 Total Batches 134000/350000.0 	 Time left 6:17:04.244970
03/17/2021 07:45:24 - INFO     - Completed: Epoch 1922/5000 	 Batch 30/70.0 	 Total Batches 134500/350000.0 	 Time left 6:16:12.498335
03/17/2021 07:46:16 - INFO     - Completed: Epoch 1929/5000 	 Batch 40/70.0 	 Total Batches 135000/350000.0 	 Time left 6:15:20.929952
03/17/2021 07:47:09 - INFO     - Completed: Epoch 1936/5000 	 Batch 50/70.0 	 Total Batches 135500/350000.0 	 Time left 6:14:29.717292
03/17/2021 07:48:01 - INFO     - Completed: Epoch 1943/5000 	 Batch 60/70.0 	 Total Batches 136000/350000.0 	 Time left 6:13:38.319773
03/17/2021 07:48:53 - INFO     - Completed: Epoch 1950/5000 	 Batch 70/70.0 	 Total Batches 136500/350000.0 	 Time left 6:12:46.882137
03/17/2021 07:49:46 - INFO     - Completed: Epoch 1958/5000 	 Batch 10/70.0 	 Total Batches 137000/350000.0 	 Time left 6:11:48.153866
03/17/2021 07:50:38 - INFO     - Completed: Epoch 1965/5000 	 Batch 20/70.0 	 Total Batches 137500/350000.0 	 Time left 6:10:56.671796
03/17/2021 07:51:30 - INFO     - Completed: Epoch 1972/5000 	 Batch 30/70.0 	 Total Batches 138000/350000.0 	 Time left 6:10:05.131326
03/17/2021 07:52:22 - INFO     - Completed: Epoch 1979/5000 	 Batch 40/70.0 	 Total Batches 138500/350000.0 	 Time left 6:09:13.743402
03/17/2021 07:53:15 - INFO     - Completed: Epoch 1986/5000 	 Batch 50/70.0 	 Total Batches 139000/350000.0 	 Time left 6:08:22.345586
03/17/2021 07:54:07 - INFO     - Completed: Epoch 1993/5000 	 Batch 60/70.0 	 Total Batches 139500/350000.0 	 Time left 6:07:30.559293
03/17/2021 07:54:59 - INFO     - Completed: Epoch 2000/5000 	 Batch 70/70.0 	 Total Batches 140000/350000.0 	 Time left 6:06:38.658085
03/17/2021 07:55:51 - INFO     - Completed: Epoch 2008/5000 	 Batch 10/70.0 	 Total Batches 140500/350000.0 	 Time left 6:05:39.474102
03/17/2021 07:56:43 - INFO     - Completed: Epoch 2015/5000 	 Batch 20/70.0 	 Total Batches 141000/350000.0 	 Time left 6:04:47.492846
03/17/2021 07:57:35 - INFO     - Completed: Epoch 2022/5000 	 Batch 30/70.0 	 Total Batches 141500/350000.0 	 Time left 6:03:55.753097
03/17/2021 07:58:27 - INFO     - Completed: Epoch 2029/5000 	 Batch 40/70.0 	 Total Batches 142000/350000.0 	 Time left 6:03:03.885296
03/17/2021 07:59:19 - INFO     - Completed: Epoch 2036/5000 	 Batch 50/70.0 	 Total Batches 142500/350000.0 	 Time left 6:02:12.423045
03/17/2021 08:00:11 - INFO     - Completed: Epoch 2043/5000 	 Batch 60/70.0 	 Total Batches 143000/350000.0 	 Time left 6:01:20.832227
03/17/2021 08:01:03 - INFO     - Completed: Epoch 2050/5000 	 Batch 70/70.0 	 Total Batches 143500/350000.0 	 Time left 6:00:29.374065
03/17/2021 08:01:55 - INFO     - Completed: Epoch 2058/5000 	 Batch 10/70.0 	 Total Batches 144000/350000.0 	 Time left 5:59:30.608873
03/17/2021 08:02:48 - INFO     - Completed: Epoch 2065/5000 	 Batch 20/70.0 	 Total Batches 144500/350000.0 	 Time left 5:58:39.298070
03/17/2021 08:03:40 - INFO     - Completed: Epoch 2072/5000 	 Batch 30/70.0 	 Total Batches 145000/350000.0 	 Time left 5:57:47.903548
03/17/2021 08:04:33 - INFO     - Completed: Epoch 2079/5000 	 Batch 40/70.0 	 Total Batches 145500/350000.0 	 Time left 5:56:56.832702
03/17/2021 08:05:25 - INFO     - Completed: Epoch 2086/5000 	 Batch 50/70.0 	 Total Batches 146000/350000.0 	 Time left 5:56:05.548949
03/17/2021 08:06:17 - INFO     - Completed: Epoch 2093/5000 	 Batch 60/70.0 	 Total Batches 146500/350000.0 	 Time left 5:55:14.033868
03/17/2021 08:07:10 - INFO     - Completed: Epoch 2100/5000 	 Batch 70/70.0 	 Total Batches 147000/350000.0 	 Time left 5:54:22.665952
03/17/2021 08:08:02 - INFO     - Completed: Epoch 2108/5000 	 Batch 10/70.0 	 Total Batches 147500/350000.0 	 Time left 5:53:24.127269
03/17/2021 08:08:54 - INFO     - Completed: Epoch 2115/5000 	 Batch 20/70.0 	 Total Batches 148000/350000.0 	 Time left 5:52:32.480545
03/17/2021 08:09:46 - INFO     - Completed: Epoch 2122/5000 	 Batch 30/70.0 	 Total Batches 148500/350000.0 	 Time left 5:51:40.650635
03/17/2021 08:10:38 - INFO     - Completed: Epoch 2129/5000 	 Batch 40/70.0 	 Total Batches 149000/350000.0 	 Time left 5:50:48.794311
03/17/2021 08:11:30 - INFO     - Completed: Epoch 2136/5000 	 Batch 50/70.0 	 Total Batches 149500/350000.0 	 Time left 5:49:57.001608
03/17/2021 08:12:22 - INFO     - Completed: Epoch 2143/5000 	 Batch 60/70.0 	 Total Batches 150000/350000.0 	 Time left 5:49:05.317397
03/17/2021 08:13:14 - INFO     - Completed: Epoch 2150/5000 	 Batch 70/70.0 	 Total Batches 150500/350000.0 	 Time left 5:48:13.929753
03/17/2021 08:14:07 - INFO     - Completed: Epoch 2158/5000 	 Batch 10/70.0 	 Total Batches 151000/350000.0 	 Time left 5:47:15.201034
03/17/2021 08:14:59 - INFO     - Completed: Epoch 2165/5000 	 Batch 20/70.0 	 Total Batches 151500/350000.0 	 Time left 5:46:24.132907
03/17/2021 08:15:52 - INFO     - Completed: Epoch 2172/5000 	 Batch 30/70.0 	 Total Batches 152000/350000.0 	 Time left 5:45:32.937677
03/17/2021 08:16:44 - INFO     - Completed: Epoch 2179/5000 	 Batch 40/70.0 	 Total Batches 152500/350000.0 	 Time left 5:44:41.460903
03/17/2021 08:17:36 - INFO     - Completed: Epoch 2186/5000 	 Batch 50/70.0 	 Total Batches 153000/350000.0 	 Time left 5:43:50.238473
03/17/2021 08:18:29 - INFO     - Completed: Epoch 2193/5000 	 Batch 60/70.0 	 Total Batches 153500/350000.0 	 Time left 5:42:58.953516
03/17/2021 08:19:21 - INFO     - Completed: Epoch 2200/5000 	 Batch 70/70.0 	 Total Batches 154000/350000.0 	 Time left 5:42:07.730059
03/17/2021 08:20:13 - INFO     - Completed: Epoch 2208/5000 	 Batch 10/70.0 	 Total Batches 154500/350000.0 	 Time left 5:41:09.197127
03/17/2021 08:21:06 - INFO     - Completed: Epoch 2215/5000 	 Batch 20/70.0 	 Total Batches 155000/350000.0 	 Time left 5:40:18.187122
03/17/2021 08:21:58 - INFO     - Completed: Epoch 2222/5000 	 Batch 30/70.0 	 Total Batches 155500/350000.0 	 Time left 5:39:27.146247
03/17/2021 08:22:51 - INFO     - Completed: Epoch 2229/5000 	 Batch 40/70.0 	 Total Batches 156000/350000.0 	 Time left 5:38:35.520792
03/17/2021 08:23:43 - INFO     - Completed: Epoch 2236/5000 	 Batch 50/70.0 	 Total Batches 156500/350000.0 	 Time left 5:37:43.859181
03/17/2021 08:24:35 - INFO     - Completed: Epoch 2243/5000 	 Batch 60/70.0 	 Total Batches 157000/350000.0 	 Time left 5:36:52.302686
03/17/2021 08:25:27 - INFO     - Completed: Epoch 2250/5000 	 Batch 70/70.0 	 Total Batches 157500/350000.0 	 Time left 5:36:00.807433
03/17/2021 08:26:19 - INFO     - Completed: Epoch 2258/5000 	 Batch 10/70.0 	 Total Batches 158000/350000.0 	 Time left 5:35:01.947425
03/17/2021 08:27:11 - INFO     - Completed: Epoch 2265/5000 	 Batch 20/70.0 	 Total Batches 158500/350000.0 	 Time left 5:34:10.460140
03/17/2021 08:28:03 - INFO     - Completed: Epoch 2272/5000 	 Batch 30/70.0 	 Total Batches 159000/350000.0 	 Time left 5:33:18.799043
03/17/2021 08:28:56 - INFO     - Completed: Epoch 2279/5000 	 Batch 40/70.0 	 Total Batches 159500/350000.0 	 Time left 5:32:27.626520
03/17/2021 08:29:48 - INFO     - Completed: Epoch 2286/5000 	 Batch 50/70.0 	 Total Batches 160000/350000.0 	 Time left 5:31:36.309544
03/17/2021 08:30:41 - INFO     - Completed: Epoch 2293/5000 	 Batch 60/70.0 	 Total Batches 160500/350000.0 	 Time left 5:30:45.244264
03/17/2021 08:31:33 - INFO     - Completed: Epoch 2300/5000 	 Batch 70/70.0 	 Total Batches 161000/350000.0 	 Time left 5:29:54.035409
03/17/2021 08:32:26 - INFO     - Completed: Epoch 2308/5000 	 Batch 10/70.0 	 Total Batches 161500/350000.0 	 Time left 5:28:55.650591
03/17/2021 08:33:18 - INFO     - Completed: Epoch 2315/5000 	 Batch 20/70.0 	 Total Batches 162000/350000.0 	 Time left 5:28:04.388692
03/17/2021 08:34:11 - INFO     - Completed: Epoch 2322/5000 	 Batch 30/70.0 	 Total Batches 162500/350000.0 	 Time left 5:27:13.242921
03/17/2021 08:35:03 - INFO     - Completed: Epoch 2329/5000 	 Batch 40/70.0 	 Total Batches 163000/350000.0 	 Time left 5:26:22.047162
03/17/2021 08:35:55 - INFO     - Completed: Epoch 2336/5000 	 Batch 50/70.0 	 Total Batches 163500/350000.0 	 Time left 5:25:30.969382
03/17/2021 08:36:48 - INFO     - Completed: Epoch 2343/5000 	 Batch 60/70.0 	 Total Batches 164000/350000.0 	 Time left 5:24:39.525685
03/17/2021 08:37:40 - INFO     - Completed: Epoch 2350/5000 	 Batch 70/70.0 	 Total Batches 164500/350000.0 	 Time left 5:23:47.954891
03/17/2021 08:38:32 - INFO     - Completed: Epoch 2358/5000 	 Batch 10/70.0 	 Total Batches 165000/350000.0 	 Time left 5:22:49.197440
03/17/2021 08:39:24 - INFO     - Completed: Epoch 2365/5000 	 Batch 20/70.0 	 Total Batches 165500/350000.0 	 Time left 5:21:57.781107
03/17/2021 08:40:16 - INFO     - Completed: Epoch 2372/5000 	 Batch 30/70.0 	 Total Batches 166000/350000.0 	 Time left 5:21:06.205008
03/17/2021 08:41:09 - INFO     - Completed: Epoch 2379/5000 	 Batch 40/70.0 	 Total Batches 166500/350000.0 	 Time left 5:20:14.727152
03/17/2021 08:42:01 - INFO     - Completed: Epoch 2386/5000 	 Batch 50/70.0 	 Total Batches 167000/350000.0 	 Time left 5:19:23.241213
03/17/2021 08:42:53 - INFO     - Completed: Epoch 2393/5000 	 Batch 60/70.0 	 Total Batches 167500/350000.0 	 Time left 5:18:31.927816
03/17/2021 08:43:45 - INFO     - Completed: Epoch 2400/5000 	 Batch 70/70.0 	 Total Batches 168000/350000.0 	 Time left 5:17:40.646640
03/17/2021 08:44:38 - INFO     - Completed: Epoch 2408/5000 	 Batch 10/70.0 	 Total Batches 168500/350000.0 	 Time left 5:16:42.301740
03/17/2021 08:45:31 - INFO     - Completed: Epoch 2415/5000 	 Batch 20/70.0 	 Total Batches 169000/350000.0 	 Time left 5:15:51.210432
03/17/2021 08:46:23 - INFO     - Completed: Epoch 2422/5000 	 Batch 30/70.0 	 Total Batches 169500/350000.0 	 Time left 5:14:59.894686
03/17/2021 08:47:15 - INFO     - Completed: Epoch 2429/5000 	 Batch 40/70.0 	 Total Batches 170000/350000.0 	 Time left 5:14:08.682324
03/17/2021 08:48:08 - INFO     - Completed: Epoch 2436/5000 	 Batch 50/70.0 	 Total Batches 170500/350000.0 	 Time left 5:13:17.706932
03/17/2021 08:49:00 - INFO     - Completed: Epoch 2443/5000 	 Batch 60/70.0 	 Total Batches 171000/350000.0 	 Time left 5:12:26.453134
03/17/2021 08:49:53 - INFO     - Completed: Epoch 2450/5000 	 Batch 70/70.0 	 Total Batches 171500/350000.0 	 Time left 5:11:35.328685
03/17/2021 08:50:45 - INFO     - Completed: Epoch 2458/5000 	 Batch 10/70.0 	 Total Batches 172000/350000.0 	 Time left 5:10:36.858580
03/17/2021 08:51:38 - INFO     - Completed: Epoch 2465/5000 	 Batch 20/70.0 	 Total Batches 172500/350000.0 	 Time left 5:09:45.461152
03/17/2021 08:52:30 - INFO     - Completed: Epoch 2472/5000 	 Batch 30/70.0 	 Total Batches 173000/350000.0 	 Time left 5:08:53.939604
03/17/2021 08:53:22 - INFO     - Completed: Epoch 2479/5000 	 Batch 40/70.0 	 Total Batches 173500/350000.0 	 Time left 5:08:02.361233
03/17/2021 08:54:14 - INFO     - Completed: Epoch 2486/5000 	 Batch 50/70.0 	 Total Batches 174000/350000.0 	 Time left 5:07:10.790355
03/17/2021 08:55:06 - INFO     - Completed: Epoch 2493/5000 	 Batch 60/70.0 	 Total Batches 174500/350000.0 	 Time left 5:06:19.311054
03/17/2021 08:55:58 - INFO     - Completed: Epoch 2500/5000 	 Batch 70/70.0 	 Total Batches 175000/350000.0 	 Time left 5:05:27.825039
03/17/2021 08:56:51 - INFO     - Completed: Epoch 2508/5000 	 Batch 10/70.0 	 Total Batches 175500/350000.0 	 Time left 5:04:29.275885
03/17/2021 08:57:43 - INFO     - Completed: Epoch 2515/5000 	 Batch 20/70.0 	 Total Batches 176000/350000.0 	 Time left 5:03:38.094875
03/17/2021 08:58:36 - INFO     - Completed: Epoch 2522/5000 	 Batch 30/70.0 	 Total Batches 176500/350000.0 	 Time left 5:02:46.816493
03/17/2021 08:59:28 - INFO     - Completed: Epoch 2529/5000 	 Batch 40/70.0 	 Total Batches 177000/350000.0 	 Time left 5:01:55.702305
03/17/2021 09:00:20 - INFO     - Completed: Epoch 2536/5000 	 Batch 50/70.0 	 Total Batches 177500/350000.0 	 Time left 5:01:04.414610
03/17/2021 09:01:13 - INFO     - Completed: Epoch 2543/5000 	 Batch 60/70.0 	 Total Batches 178000/350000.0 	 Time left 5:00:13.161154
03/17/2021 09:02:05 - INFO     - Completed: Epoch 2550/5000 	 Batch 70/70.0 	 Total Batches 178500/350000.0 	 Time left 4:59:21.956612
03/17/2021 09:02:57 - INFO     - Completed: Epoch 2558/5000 	 Batch 10/70.0 	 Total Batches 179000/350000.0 	 Time left 4:58:23.264570
03/17/2021 09:03:50 - INFO     - Completed: Epoch 2565/5000 	 Batch 20/70.0 	 Total Batches 179500/350000.0 	 Time left 4:57:32.176681
03/17/2021 09:04:43 - INFO     - Completed: Epoch 2572/5000 	 Batch 30/70.0 	 Total Batches 180000/350000.0 	 Time left 4:56:41.019241
03/17/2021 09:05:35 - INFO     - Completed: Epoch 2579/5000 	 Batch 40/70.0 	 Total Batches 180500/350000.0 	 Time left 4:55:49.681662
03/17/2021 09:06:27 - INFO     - Completed: Epoch 2586/5000 	 Batch 50/70.0 	 Total Batches 181000/350000.0 	 Time left 4:54:58.306217
03/17/2021 09:07:19 - INFO     - Completed: Epoch 2593/5000 	 Batch 60/70.0 	 Total Batches 181500/350000.0 	 Time left 4:54:06.942905
03/17/2021 09:08:11 - INFO     - Completed: Epoch 2600/5000 	 Batch 70/70.0 	 Total Batches 182000/350000.0 	 Time left 4:53:15.399778
03/17/2021 09:09:04 - INFO     - Completed: Epoch 2608/5000 	 Batch 10/70.0 	 Total Batches 182500/350000.0 	 Time left 4:52:16.730112
03/17/2021 09:09:56 - INFO     - Completed: Epoch 2615/5000 	 Batch 20/70.0 	 Total Batches 183000/350000.0 	 Time left 4:51:25.301582
03/17/2021 09:10:48 - INFO     - Completed: Epoch 2622/5000 	 Batch 30/70.0 	 Total Batches 183500/350000.0 	 Time left 4:50:34.159689
03/17/2021 09:11:41 - INFO     - Completed: Epoch 2629/5000 	 Batch 40/70.0 	 Total Batches 184000/350000.0 	 Time left 4:49:42.774692
03/17/2021 09:12:34 - INFO     - Completed: Epoch 2636/5000 	 Batch 50/70.0 	 Total Batches 184500/350000.0 	 Time left 4:48:52.461225
03/17/2021 09:13:29 - INFO     - Completed: Epoch 2643/5000 	 Batch 60/70.0 	 Total Batches 185000/350000.0 	 Time left 4:48:02.742922
03/17/2021 09:14:22 - INFO     - Completed: Epoch 2650/5000 	 Batch 70/70.0 	 Total Batches 185500/350000.0 	 Time left 4:47:12.426327
03/17/2021 09:15:14 - INFO     - Completed: Epoch 2658/5000 	 Batch 10/70.0 	 Total Batches 186000/350000.0 	 Time left 4:46:13.843072
03/17/2021 09:16:07 - INFO     - Completed: Epoch 2665/5000 	 Batch 20/70.0 	 Total Batches 186500/350000.0 	 Time left 4:45:22.715153
03/17/2021 09:16:59 - INFO     - Completed: Epoch 2672/5000 	 Batch 30/70.0 	 Total Batches 187000/350000.0 	 Time left 4:44:31.322559
03/17/2021 09:17:52 - INFO     - Completed: Epoch 2679/5000 	 Batch 40/70.0 	 Total Batches 187500/350000.0 	 Time left 4:43:40.127457
03/17/2021 09:18:44 - INFO     - Completed: Epoch 2686/5000 	 Batch 50/70.0 	 Total Batches 188000/350000.0 	 Time left 4:42:48.933862
03/17/2021 09:19:36 - INFO     - Completed: Epoch 2693/5000 	 Batch 60/70.0 	 Total Batches 188500/350000.0 	 Time left 4:41:57.578374
03/17/2021 09:20:28 - INFO     - Completed: Epoch 2700/5000 	 Batch 70/70.0 	 Total Batches 189000/350000.0 	 Time left 4:41:06.048865
03/17/2021 09:21:20 - INFO     - Completed: Epoch 2708/5000 	 Batch 10/70.0 	 Total Batches 189500/350000.0 	 Time left 4:40:07.170558
03/17/2021 09:22:13 - INFO     - Completed: Epoch 2715/5000 	 Batch 20/70.0 	 Total Batches 190000/350000.0 	 Time left 4:39:15.678352
03/17/2021 09:23:05 - INFO     - Completed: Epoch 2722/5000 	 Batch 30/70.0 	 Total Batches 190500/350000.0 	 Time left 4:38:24.241223
03/17/2021 09:23:57 - INFO     - Completed: Epoch 2729/5000 	 Batch 40/70.0 	 Total Batches 191000/350000.0 	 Time left 4:37:32.738917
03/17/2021 09:24:49 - INFO     - Completed: Epoch 2736/5000 	 Batch 50/70.0 	 Total Batches 191500/350000.0 	 Time left 4:36:41.246174
03/17/2021 09:25:41 - INFO     - Completed: Epoch 2743/5000 	 Batch 60/70.0 	 Total Batches 192000/350000.0 	 Time left 4:35:49.728984
03/17/2021 09:26:33 - INFO     - Completed: Epoch 2750/5000 	 Batch 70/70.0 	 Total Batches 192500/350000.0 	 Time left 4:34:58.186752
03/17/2021 09:27:25 - INFO     - Completed: Epoch 2758/5000 	 Batch 10/70.0 	 Total Batches 193000/350000.0 	 Time left 4:33:59.458823
03/17/2021 09:28:18 - INFO     - Completed: Epoch 2765/5000 	 Batch 20/70.0 	 Total Batches 193500/350000.0 	 Time left 4:33:08.264843
03/17/2021 09:29:10 - INFO     - Completed: Epoch 2772/5000 	 Batch 30/70.0 	 Total Batches 194000/350000.0 	 Time left 4:32:16.978825
03/17/2021 09:30:03 - INFO     - Completed: Epoch 2779/5000 	 Batch 40/70.0 	 Total Batches 194500/350000.0 	 Time left 4:31:25.627164
03/17/2021 09:30:55 - INFO     - Completed: Epoch 2786/5000 	 Batch 50/70.0 	 Total Batches 195000/350000.0 	 Time left 4:30:34.293929
03/17/2021 09:31:47 - INFO     - Completed: Epoch 2793/5000 	 Batch 60/70.0 	 Total Batches 195500/350000.0 	 Time left 4:29:43.072915
03/17/2021 09:32:40 - INFO     - Completed: Epoch 2800/5000 	 Batch 70/70.0 	 Total Batches 196000/350000.0 	 Time left 4:28:51.794868
03/17/2021 09:33:32 - INFO     - Completed: Epoch 2808/5000 	 Batch 10/70.0 	 Total Batches 196500/350000.0 	 Time left 4:27:53.139942
03/17/2021 09:34:24 - INFO     - Completed: Epoch 2815/5000 	 Batch 20/70.0 	 Total Batches 197000/350000.0 	 Time left 4:27:01.838549
03/17/2021 09:35:17 - INFO     - Completed: Epoch 2822/5000 	 Batch 30/70.0 	 Total Batches 197500/350000.0 	 Time left 4:26:10.614401
03/17/2021 09:36:09 - INFO     - Completed: Epoch 2829/5000 	 Batch 40/70.0 	 Total Batches 198000/350000.0 	 Time left 4:25:19.072226
03/17/2021 09:37:01 - INFO     - Completed: Epoch 2836/5000 	 Batch 50/70.0 	 Total Batches 198500/350000.0 	 Time left 4:24:27.606186
03/17/2021 09:37:53 - INFO     - Completed: Epoch 2843/5000 	 Batch 60/70.0 	 Total Batches 199000/350000.0 	 Time left 4:23:36.092793
03/17/2021 09:38:45 - INFO     - Completed: Epoch 2850/5000 	 Batch 70/70.0 	 Total Batches 199500/350000.0 	 Time left 4:22:44.519874
03/17/2021 09:39:37 - INFO     - Completed: Epoch 2858/5000 	 Batch 10/70.0 	 Total Batches 200000/350000.0 	 Time left 4:21:45.719646
03/17/2021 09:40:30 - INFO     - Completed: Epoch 2865/5000 	 Batch 20/70.0 	 Total Batches 200500/350000.0 	 Time left 4:20:54.376301
03/17/2021 09:41:22 - INFO     - Completed: Epoch 2872/5000 	 Batch 30/70.0 	 Total Batches 201000/350000.0 	 Time left 4:20:03.061243
03/17/2021 09:42:14 - INFO     - Completed: Epoch 2879/5000 	 Batch 40/70.0 	 Total Batches 201500/350000.0 	 Time left 4:19:11.792044
03/17/2021 09:43:07 - INFO     - Completed: Epoch 2886/5000 	 Batch 50/70.0 	 Total Batches 202000/350000.0 	 Time left 4:18:20.483724
03/17/2021 09:43:59 - INFO     - Completed: Epoch 2893/5000 	 Batch 60/70.0 	 Total Batches 202500/350000.0 	 Time left 4:17:29.201872
03/17/2021 09:44:51 - INFO     - Completed: Epoch 2900/5000 	 Batch 70/70.0 	 Total Batches 203000/350000.0 	 Time left 4:16:37.752339
03/17/2021 09:45:44 - INFO     - Completed: Epoch 2908/5000 	 Batch 10/70.0 	 Total Batches 203500/350000.0 	 Time left 4:15:39.143605
03/17/2021 09:46:36 - INFO     - Completed: Epoch 2915/5000 	 Batch 20/70.0 	 Total Batches 204000/350000.0 	 Time left 4:14:47.866113
03/17/2021 09:47:28 - INFO     - Completed: Epoch 2922/5000 	 Batch 30/70.0 	 Total Batches 204500/350000.0 	 Time left 4:13:56.489648
03/17/2021 09:48:21 - INFO     - Completed: Epoch 2929/5000 	 Batch 40/70.0 	 Total Batches 205000/350000.0 	 Time left 4:13:05.170698
03/17/2021 09:49:13 - INFO     - Completed: Epoch 2936/5000 	 Batch 50/70.0 	 Total Batches 205500/350000.0 	 Time left 4:12:13.994539
03/17/2021 09:50:05 - INFO     - Completed: Epoch 2943/5000 	 Batch 60/70.0 	 Total Batches 206000/350000.0 	 Time left 4:11:22.661241
03/17/2021 09:50:57 - INFO     - Completed: Epoch 2950/5000 	 Batch 70/70.0 	 Total Batches 206500/350000.0 	 Time left 4:10:31.114956
03/17/2021 09:51:49 - INFO     - Completed: Epoch 2958/5000 	 Batch 10/70.0 	 Total Batches 207000/350000.0 	 Time left 4:09:32.219806
03/17/2021 09:52:41 - INFO     - Completed: Epoch 2965/5000 	 Batch 20/70.0 	 Total Batches 207500/350000.0 	 Time left 4:08:40.736614
03/17/2021 09:53:33 - INFO     - Completed: Epoch 2972/5000 	 Batch 30/70.0 	 Total Batches 208000/350000.0 	 Time left 4:07:49.271128
03/17/2021 09:54:25 - INFO     - Completed: Epoch 2979/5000 	 Batch 40/70.0 	 Total Batches 208500/350000.0 	 Time left 4:06:57.672175
03/17/2021 09:55:18 - INFO     - Completed: Epoch 2986/5000 	 Batch 50/70.0 	 Total Batches 209000/350000.0 	 Time left 4:06:06.246371
03/17/2021 09:56:10 - INFO     - Completed: Epoch 2993/5000 	 Batch 60/70.0 	 Total Batches 209500/350000.0 	 Time left 4:05:14.832591
03/17/2021 09:57:02 - INFO     - Completed: Epoch 3000/5000 	 Batch 70/70.0 	 Total Batches 210000/350000.0 	 Time left 4:04:23.425914
03/17/2021 09:57:54 - INFO     - Completed: Epoch 3008/5000 	 Batch 10/70.0 	 Total Batches 210500/350000.0 	 Time left 4:03:24.786929
03/17/2021 09:58:46 - INFO     - Completed: Epoch 3015/5000 	 Batch 20/70.0 	 Total Batches 211000/350000.0 	 Time left 4:02:33.458308
03/17/2021 09:59:39 - INFO     - Completed: Epoch 3022/5000 	 Batch 30/70.0 	 Total Batches 211500/350000.0 	 Time left 4:01:42.010109
03/17/2021 10:00:31 - INFO     - Completed: Epoch 3029/5000 	 Batch 40/70.0 	 Total Batches 212000/350000.0 	 Time left 4:00:50.943509
03/17/2021 10:01:25 - INFO     - Completed: Epoch 3036/5000 	 Batch 50/70.0 	 Total Batches 212500/350000.0 	 Time left 4:00:00.414176
03/17/2021 10:02:18 - INFO     - Completed: Epoch 3043/5000 	 Batch 60/70.0 	 Total Batches 213000/350000.0 	 Time left 3:59:09.794323
03/17/2021 10:03:10 - INFO     - Completed: Epoch 3050/5000 	 Batch 70/70.0 	 Total Batches 213500/350000.0 	 Time left 3:58:18.303600
03/17/2021 10:04:02 - INFO     - Completed: Epoch 3058/5000 	 Batch 10/70.0 	 Total Batches 214000/350000.0 	 Time left 3:57:19.403268
03/17/2021 10:04:54 - INFO     - Completed: Epoch 3065/5000 	 Batch 20/70.0 	 Total Batches 214500/350000.0 	 Time left 3:56:27.883875
03/17/2021 10:05:46 - INFO     - Completed: Epoch 3072/5000 	 Batch 30/70.0 	 Total Batches 215000/350000.0 	 Time left 3:55:36.338259
03/17/2021 10:06:38 - INFO     - Completed: Epoch 3079/5000 	 Batch 40/70.0 	 Total Batches 215500/350000.0 	 Time left 3:54:44.913461
03/17/2021 10:07:30 - INFO     - Completed: Epoch 3086/5000 	 Batch 50/70.0 	 Total Batches 216000/350000.0 	 Time left 3:53:53.399706
03/17/2021 10:08:22 - INFO     - Completed: Epoch 3093/5000 	 Batch 60/70.0 	 Total Batches 216500/350000.0 	 Time left 3:53:01.849601
03/17/2021 10:09:14 - INFO     - Completed: Epoch 3100/5000 	 Batch 70/70.0 	 Total Batches 217000/350000.0 	 Time left 3:52:10.354863
03/17/2021 10:10:06 - INFO     - Completed: Epoch 3108/5000 	 Batch 10/70.0 	 Total Batches 217500/350000.0 	 Time left 3:51:11.490211
03/17/2021 10:10:58 - INFO     - Completed: Epoch 3115/5000 	 Batch 20/70.0 	 Total Batches 218000/350000.0 	 Time left 3:50:19.914185
03/17/2021 10:11:50 - INFO     - Completed: Epoch 3122/5000 	 Batch 30/70.0 	 Total Batches 218500/350000.0 	 Time left 3:49:28.389225
03/17/2021 10:12:42 - INFO     - Completed: Epoch 3129/5000 	 Batch 40/70.0 	 Total Batches 219000/350000.0 	 Time left 3:48:36.818505
03/17/2021 10:13:34 - INFO     - Completed: Epoch 3136/5000 	 Batch 50/70.0 	 Total Batches 219500/350000.0 	 Time left 3:47:45.284257
03/17/2021 10:14:26 - INFO     - Completed: Epoch 3143/5000 	 Batch 60/70.0 	 Total Batches 220000/350000.0 	 Time left 3:46:53.739813
03/17/2021 10:15:18 - INFO     - Completed: Epoch 3150/5000 	 Batch 70/70.0 	 Total Batches 220500/350000.0 	 Time left 3:46:02.297573
03/17/2021 10:16:10 - INFO     - Completed: Epoch 3158/5000 	 Batch 10/70.0 	 Total Batches 221000/350000.0 	 Time left 3:45:03.441978
03/17/2021 10:17:02 - INFO     - Completed: Epoch 3165/5000 	 Batch 20/70.0 	 Total Batches 221500/350000.0 	 Time left 3:44:11.949499
03/17/2021 10:17:54 - INFO     - Completed: Epoch 3172/5000 	 Batch 30/70.0 	 Total Batches 222000/350000.0 	 Time left 3:43:20.431066
03/17/2021 10:18:46 - INFO     - Completed: Epoch 3179/5000 	 Batch 40/70.0 	 Total Batches 222500/350000.0 	 Time left 3:42:28.932789
03/17/2021 10:19:38 - INFO     - Completed: Epoch 3186/5000 	 Batch 50/70.0 	 Total Batches 223000/350000.0 	 Time left 3:41:37.429285
03/17/2021 10:20:29 - INFO     - Completed: Epoch 3193/5000 	 Batch 60/70.0 	 Total Batches 223500/350000.0 	 Time left 3:40:45.938317
03/17/2021 10:21:21 - INFO     - Completed: Epoch 3200/5000 	 Batch 70/70.0 	 Total Batches 224000/350000.0 	 Time left 3:39:54.435946
03/17/2021 10:22:13 - INFO     - Completed: Epoch 3208/5000 	 Batch 10/70.0 	 Total Batches 224500/350000.0 	 Time left 3:38:55.558009
03/17/2021 10:23:05 - INFO     - Completed: Epoch 3215/5000 	 Batch 20/70.0 	 Total Batches 225000/350000.0 	 Time left 3:38:04.067356
03/17/2021 10:23:57 - INFO     - Completed: Epoch 3222/5000 	 Batch 30/70.0 	 Total Batches 225500/350000.0 	 Time left 3:37:12.635119
03/17/2021 10:24:49 - INFO     - Completed: Epoch 3229/5000 	 Batch 40/70.0 	 Total Batches 226000/350000.0 	 Time left 3:36:21.139741
03/17/2021 10:25:41 - INFO     - Completed: Epoch 3236/5000 	 Batch 50/70.0 	 Total Batches 226500/350000.0 	 Time left 3:35:29.660016
03/17/2021 10:26:33 - INFO     - Completed: Epoch 3243/5000 	 Batch 60/70.0 	 Total Batches 227000/350000.0 	 Time left 3:34:38.134181
03/17/2021 10:27:25 - INFO     - Completed: Epoch 3250/5000 	 Batch 70/70.0 	 Total Batches 227500/350000.0 	 Time left 3:33:46.645856
03/17/2021 10:28:17 - INFO     - Completed: Epoch 3258/5000 	 Batch 10/70.0 	 Total Batches 228000/350000.0 	 Time left 3:32:47.754155
03/17/2021 10:29:09 - INFO     - Completed: Epoch 3265/5000 	 Batch 20/70.0 	 Total Batches 228500/350000.0 	 Time left 3:31:56.235604
03/17/2021 10:30:01 - INFO     - Completed: Epoch 3272/5000 	 Batch 30/70.0 	 Total Batches 229000/350000.0 	 Time left 3:31:04.790574
03/17/2021 10:30:53 - INFO     - Completed: Epoch 3279/5000 	 Batch 40/70.0 	 Total Batches 229500/350000.0 	 Time left 3:30:13.314028
03/17/2021 10:31:45 - INFO     - Completed: Epoch 3286/5000 	 Batch 50/70.0 	 Total Batches 230000/350000.0 	 Time left 3:29:21.833357
03/17/2021 10:32:37 - INFO     - Completed: Epoch 3293/5000 	 Batch 60/70.0 	 Total Batches 230500/350000.0 	 Time left 3:28:30.517655
03/17/2021 10:33:29 - INFO     - Completed: Epoch 3300/5000 	 Batch 70/70.0 	 Total Batches 231000/350000.0 	 Time left 3:27:39.092442
03/17/2021 10:34:21 - INFO     - Completed: Epoch 3308/5000 	 Batch 10/70.0 	 Total Batches 231500/350000.0 	 Time left 3:26:40.407626
03/17/2021 10:35:13 - INFO     - Completed: Epoch 3315/5000 	 Batch 20/70.0 	 Total Batches 232000/350000.0 	 Time left 3:25:49.163776
03/17/2021 10:36:05 - INFO     - Completed: Epoch 3322/5000 	 Batch 30/70.0 	 Total Batches 232500/350000.0 	 Time left 3:24:57.667064
03/17/2021 10:36:58 - INFO     - Completed: Epoch 3329/5000 	 Batch 40/70.0 	 Total Batches 233000/350000.0 	 Time left 3:24:06.653189
03/17/2021 10:37:52 - INFO     - Completed: Epoch 3336/5000 	 Batch 50/70.0 	 Total Batches 233500/350000.0 	 Time left 3:23:15.905638
03/17/2021 10:38:44 - INFO     - Completed: Epoch 3343/5000 	 Batch 60/70.0 	 Total Batches 234000/350000.0 	 Time left 3:22:24.945038
03/17/2021 10:39:36 - INFO     - Completed: Epoch 3350/5000 	 Batch 70/70.0 	 Total Batches 234500/350000.0 	 Time left 3:21:33.526325
03/17/2021 10:40:28 - INFO     - Completed: Epoch 3358/5000 	 Batch 10/70.0 	 Total Batches 235000/350000.0 	 Time left 3:20:34.718475
03/17/2021 10:41:20 - INFO     - Completed: Epoch 3365/5000 	 Batch 20/70.0 	 Total Batches 235500/350000.0 	 Time left 3:19:43.342760
03/17/2021 10:42:12 - INFO     - Completed: Epoch 3372/5000 	 Batch 30/70.0 	 Total Batches 236000/350000.0 	 Time left 3:18:51.911102
03/17/2021 10:43:04 - INFO     - Completed: Epoch 3379/5000 	 Batch 40/70.0 	 Total Batches 236500/350000.0 	 Time left 3:18:00.432044
03/17/2021 10:43:56 - INFO     - Completed: Epoch 3386/5000 	 Batch 50/70.0 	 Total Batches 237000/350000.0 	 Time left 3:17:09.014012
03/17/2021 10:44:48 - INFO     - Completed: Epoch 3393/5000 	 Batch 60/70.0 	 Total Batches 237500/350000.0 	 Time left 3:16:17.587980
03/17/2021 10:45:40 - INFO     - Completed: Epoch 3400/5000 	 Batch 70/70.0 	 Total Batches 238000/350000.0 	 Time left 3:15:26.131551
03/17/2021 10:46:32 - INFO     - Completed: Epoch 3408/5000 	 Batch 10/70.0 	 Total Batches 238500/350000.0 	 Time left 3:14:27.326414
03/17/2021 10:47:24 - INFO     - Completed: Epoch 3415/5000 	 Batch 20/70.0 	 Total Batches 239000/350000.0 	 Time left 3:13:35.855047
03/17/2021 10:48:16 - INFO     - Completed: Epoch 3422/5000 	 Batch 30/70.0 	 Total Batches 239500/350000.0 	 Time left 3:12:44.420762
03/17/2021 10:49:08 - INFO     - Completed: Epoch 3429/5000 	 Batch 40/70.0 	 Total Batches 240000/350000.0 	 Time left 3:11:53.011738
03/17/2021 10:50:00 - INFO     - Completed: Epoch 3436/5000 	 Batch 50/70.0 	 Total Batches 240500/350000.0 	 Time left 3:11:01.642420
03/17/2021 10:50:52 - INFO     - Completed: Epoch 3443/5000 	 Batch 60/70.0 	 Total Batches 241000/350000.0 	 Time left 3:10:10.234984
03/17/2021 10:51:44 - INFO     - Completed: Epoch 3450/5000 	 Batch 70/70.0 	 Total Batches 241500/350000.0 	 Time left 3:09:18.797163
03/17/2021 10:52:36 - INFO     - Completed: Epoch 3458/5000 	 Batch 10/70.0 	 Total Batches 242000/350000.0 	 Time left 3:08:19.993282
03/17/2021 10:53:28 - INFO     - Completed: Epoch 3465/5000 	 Batch 20/70.0 	 Total Batches 242500/350000.0 	 Time left 3:07:28.595932
03/17/2021 10:54:20 - INFO     - Completed: Epoch 3472/5000 	 Batch 30/70.0 	 Total Batches 243000/350000.0 	 Time left 3:06:37.171368
03/17/2021 10:55:12 - INFO     - Completed: Epoch 3479/5000 	 Batch 40/70.0 	 Total Batches 243500/350000.0 	 Time left 3:05:45.746581
03/17/2021 10:56:04 - INFO     - Completed: Epoch 3486/5000 	 Batch 50/70.0 	 Total Batches 244000/350000.0 	 Time left 3:04:54.330966
03/17/2021 10:56:55 - INFO     - Completed: Epoch 3493/5000 	 Batch 60/70.0 	 Total Batches 244500/350000.0 	 Time left 3:04:02.876607
03/17/2021 10:57:47 - INFO     - Completed: Epoch 3500/5000 	 Batch 70/70.0 	 Total Batches 245000/350000.0 	 Time left 3:03:11.467042
03/17/2021 10:58:39 - INFO     - Completed: Epoch 3508/5000 	 Batch 10/70.0 	 Total Batches 245500/350000.0 	 Time left 3:02:12.764536
03/17/2021 10:59:31 - INFO     - Completed: Epoch 3515/5000 	 Batch 20/70.0 	 Total Batches 246000/350000.0 	 Time left 3:01:21.339777
03/17/2021 11:00:23 - INFO     - Completed: Epoch 3522/5000 	 Batch 30/70.0 	 Total Batches 246500/350000.0 	 Time left 3:00:29.911369
03/17/2021 11:01:15 - INFO     - Completed: Epoch 3529/5000 	 Batch 40/70.0 	 Total Batches 247000/350000.0 	 Time left 2:59:38.497439
03/17/2021 11:02:07 - INFO     - Completed: Epoch 3536/5000 	 Batch 50/70.0 	 Total Batches 247500/350000.0 	 Time left 2:58:47.093448
03/17/2021 11:02:59 - INFO     - Completed: Epoch 3543/5000 	 Batch 60/70.0 	 Total Batches 248000/350000.0 	 Time left 2:57:55.655593
03/17/2021 11:03:51 - INFO     - Completed: Epoch 3550/5000 	 Batch 70/70.0 	 Total Batches 248500/350000.0 	 Time left 2:57:04.223296
03/17/2021 11:04:43 - INFO     - Completed: Epoch 3558/5000 	 Batch 10/70.0 	 Total Batches 249000/350000.0 	 Time left 2:56:05.463556
03/17/2021 11:05:35 - INFO     - Completed: Epoch 3565/5000 	 Batch 20/70.0 	 Total Batches 249500/350000.0 	 Time left 2:55:14.046240
03/17/2021 11:06:27 - INFO     - Completed: Epoch 3572/5000 	 Batch 30/70.0 	 Total Batches 250000/350000.0 	 Time left 2:54:22.642866
03/17/2021 11:07:19 - INFO     - Completed: Epoch 3579/5000 	 Batch 40/70.0 	 Total Batches 250500/350000.0 	 Time left 2:53:31.299792
03/17/2021 11:08:10 - INFO     - Completed: Epoch 3586/5000 	 Batch 50/70.0 	 Total Batches 251000/350000.0 	 Time left 2:52:39.880222
03/17/2021 11:09:02 - INFO     - Completed: Epoch 3593/5000 	 Batch 60/70.0 	 Total Batches 251500/350000.0 	 Time left 2:51:48.485147
03/17/2021 11:09:54 - INFO     - Completed: Epoch 3600/5000 	 Batch 70/70.0 	 Total Batches 252000/350000.0 	 Time left 2:50:57.076707
03/17/2021 11:10:46 - INFO     - Completed: Epoch 3608/5000 	 Batch 10/70.0 	 Total Batches 252500/350000.0 	 Time left 2:49:58.309689
03/17/2021 11:11:38 - INFO     - Completed: Epoch 3615/5000 	 Batch 20/70.0 	 Total Batches 253000/350000.0 	 Time left 2:49:06.940031
03/17/2021 11:12:30 - INFO     - Completed: Epoch 3622/5000 	 Batch 30/70.0 	 Total Batches 253500/350000.0 	 Time left 2:48:15.580731
03/17/2021 11:13:22 - INFO     - Completed: Epoch 3629/5000 	 Batch 40/70.0 	 Total Batches 254000/350000.0 	 Time left 2:47:24.193966
03/17/2021 11:14:14 - INFO     - Completed: Epoch 3636/5000 	 Batch 50/70.0 	 Total Batches 254500/350000.0 	 Time left 2:46:32.807058
03/17/2021 11:15:06 - INFO     - Completed: Epoch 3643/5000 	 Batch 60/70.0 	 Total Batches 255000/350000.0 	 Time left 2:45:41.398576
03/17/2021 11:15:58 - INFO     - Completed: Epoch 3650/5000 	 Batch 70/70.0 	 Total Batches 255500/350000.0 	 Time left 2:44:50.080978
03/17/2021 11:16:50 - INFO     - Completed: Epoch 3658/5000 	 Batch 10/70.0 	 Total Batches 256000/350000.0 	 Time left 2:43:51.373578
03/17/2021 11:17:42 - INFO     - Completed: Epoch 3665/5000 	 Batch 20/70.0 	 Total Batches 256500/350000.0 	 Time left 2:43:00.014945
03/17/2021 11:18:34 - INFO     - Completed: Epoch 3672/5000 	 Batch 30/70.0 	 Total Batches 257000/350000.0 	 Time left 2:42:08.659512
03/17/2021 11:19:26 - INFO     - Completed: Epoch 3679/5000 	 Batch 40/70.0 	 Total Batches 257500/350000.0 	 Time left 2:41:17.280436
03/17/2021 11:20:17 - INFO     - Completed: Epoch 3686/5000 	 Batch 50/70.0 	 Total Batches 258000/350000.0 	 Time left 2:40:25.906153
03/17/2021 11:21:09 - INFO     - Completed: Epoch 3693/5000 	 Batch 60/70.0 	 Total Batches 258500/350000.0 	 Time left 2:39:34.538036
03/17/2021 11:22:01 - INFO     - Completed: Epoch 3700/5000 	 Batch 70/70.0 	 Total Batches 259000/350000.0 	 Time left 2:38:43.157245
03/17/2021 11:22:53 - INFO     - Completed: Epoch 3708/5000 	 Batch 10/70.0 	 Total Batches 259500/350000.0 	 Time left 2:37:44.481385
03/17/2021 11:23:45 - INFO     - Completed: Epoch 3715/5000 	 Batch 20/70.0 	 Total Batches 260000/350000.0 	 Time left 2:36:53.137875
03/17/2021 11:24:37 - INFO     - Completed: Epoch 3722/5000 	 Batch 30/70.0 	 Total Batches 260500/350000.0 	 Time left 2:36:01.846655
03/17/2021 11:25:29 - INFO     - Completed: Epoch 3729/5000 	 Batch 40/70.0 	 Total Batches 261000/350000.0 	 Time left 2:35:10.548132
03/17/2021 11:26:21 - INFO     - Completed: Epoch 3736/5000 	 Batch 50/70.0 	 Total Batches 261500/350000.0 	 Time left 2:34:19.216846
03/17/2021 11:27:13 - INFO     - Completed: Epoch 3743/5000 	 Batch 60/70.0 	 Total Batches 262000/350000.0 	 Time left 2:33:27.866182
03/17/2021 11:28:05 - INFO     - Completed: Epoch 3750/5000 	 Batch 70/70.0 	 Total Batches 262500/350000.0 	 Time left 2:32:36.506029
03/17/2021 11:28:57 - INFO     - Completed: Epoch 3758/5000 	 Batch 10/70.0 	 Total Batches 263000/350000.0 	 Time left 2:31:37.808607
03/17/2021 11:29:49 - INFO     - Completed: Epoch 3765/5000 	 Batch 20/70.0 	 Total Batches 263500/350000.0 	 Time left 2:30:46.525269
03/17/2021 11:30:41 - INFO     - Completed: Epoch 3772/5000 	 Batch 30/70.0 	 Total Batches 264000/350000.0 	 Time left 2:29:55.198033
03/17/2021 11:31:33 - INFO     - Completed: Epoch 3779/5000 	 Batch 40/70.0 	 Total Batches 264500/350000.0 	 Time left 2:29:03.828722
03/17/2021 11:32:25 - INFO     - Completed: Epoch 3786/5000 	 Batch 50/70.0 	 Total Batches 265000/350000.0 	 Time left 2:28:12.481692
03/17/2021 11:33:17 - INFO     - Completed: Epoch 3793/5000 	 Batch 60/70.0 	 Total Batches 265500/350000.0 	 Time left 2:27:21.179486
03/17/2021 11:34:09 - INFO     - Completed: Epoch 3800/5000 	 Batch 70/70.0 	 Total Batches 266000/350000.0 	 Time left 2:26:29.827347
03/17/2021 11:35:01 - INFO     - Completed: Epoch 3808/5000 	 Batch 10/70.0 	 Total Batches 266500/350000.0 	 Time left 2:25:31.155403
03/17/2021 11:35:53 - INFO     - Completed: Epoch 3815/5000 	 Batch 20/70.0 	 Total Batches 267000/350000.0 	 Time left 2:24:39.792904
03/17/2021 11:36:45 - INFO     - Completed: Epoch 3822/5000 	 Batch 30/70.0 	 Total Batches 267500/350000.0 	 Time left 2:23:48.449120
03/17/2021 11:37:37 - INFO     - Completed: Epoch 3829/5000 	 Batch 40/70.0 	 Total Batches 268000/350000.0 	 Time left 2:22:57.155668
03/17/2021 11:38:29 - INFO     - Completed: Epoch 3836/5000 	 Batch 50/70.0 	 Total Batches 268500/350000.0 	 Time left 2:22:05.851199
03/17/2021 11:39:21 - INFO     - Completed: Epoch 3843/5000 	 Batch 60/70.0 	 Total Batches 269000/350000.0 	 Time left 2:21:14.569577
03/17/2021 11:40:13 - INFO     - Completed: Epoch 3850/5000 	 Batch 70/70.0 	 Total Batches 269500/350000.0 	 Time left 2:20:23.289938
03/17/2021 11:41:05 - INFO     - Completed: Epoch 3858/5000 	 Batch 10/70.0 	 Total Batches 270000/350000.0 	 Time left 2:19:24.691030
03/17/2021 11:41:57 - INFO     - Completed: Epoch 3865/5000 	 Batch 20/70.0 	 Total Batches 270500/350000.0 	 Time left 2:18:33.402871
03/17/2021 11:42:50 - INFO     - Completed: Epoch 3872/5000 	 Batch 30/70.0 	 Total Batches 271000/350000.0 	 Time left 2:17:42.273817
03/17/2021 11:43:43 - INFO     - Completed: Epoch 3879/5000 	 Batch 40/70.0 	 Total Batches 271500/350000.0 	 Time left 2:16:51.346473
03/17/2021 11:44:36 - INFO     - Completed: Epoch 3886/5000 	 Batch 50/70.0 	 Total Batches 272000/350000.0 	 Time left 2:16:00.355528
03/17/2021 11:45:28 - INFO     - Completed: Epoch 3893/5000 	 Batch 60/70.0 	 Total Batches 272500/350000.0 	 Time left 2:15:08.997284
03/17/2021 11:46:20 - INFO     - Completed: Epoch 3900/5000 	 Batch 70/70.0 	 Total Batches 273000/350000.0 	 Time left 2:14:17.662474
03/17/2021 11:47:12 - INFO     - Completed: Epoch 3908/5000 	 Batch 10/70.0 	 Total Batches 273500/350000.0 	 Time left 2:13:18.995913
03/17/2021 11:48:04 - INFO     - Completed: Epoch 3915/5000 	 Batch 20/70.0 	 Total Batches 274000/350000.0 	 Time left 2:12:27.653964
03/17/2021 11:48:56 - INFO     - Completed: Epoch 3922/5000 	 Batch 30/70.0 	 Total Batches 274500/350000.0 	 Time left 2:11:36.348149
03/17/2021 11:49:48 - INFO     - Completed: Epoch 3929/5000 	 Batch 40/70.0 	 Total Batches 275000/350000.0 	 Time left 2:10:45.020375
03/17/2021 11:50:40 - INFO     - Completed: Epoch 3936/5000 	 Batch 50/70.0 	 Total Batches 275500/350000.0 	 Time left 2:09:53.734546
03/17/2021 11:51:31 - INFO     - Completed: Epoch 3943/5000 	 Batch 60/70.0 	 Total Batches 276000/350000.0 	 Time left 2:09:02.419763
03/17/2021 11:52:23 - INFO     - Completed: Epoch 3950/5000 	 Batch 70/70.0 	 Total Batches 276500/350000.0 	 Time left 2:08:11.105310
03/17/2021 11:53:15 - INFO     - Completed: Epoch 3958/5000 	 Batch 10/70.0 	 Total Batches 277000/350000.0 	 Time left 2:07:12.452305
03/17/2021 11:54:07 - INFO     - Completed: Epoch 3965/5000 	 Batch 20/70.0 	 Total Batches 277500/350000.0 	 Time left 2:06:21.155058
03/17/2021 11:54:59 - INFO     - Completed: Epoch 3972/5000 	 Batch 30/70.0 	 Total Batches 278000/350000.0 	 Time left 2:05:29.832253
03/17/2021 11:55:51 - INFO     - Completed: Epoch 3979/5000 	 Batch 40/70.0 	 Total Batches 278500/350000.0 	 Time left 2:04:38.542844
03/17/2021 11:56:43 - INFO     - Completed: Epoch 3986/5000 	 Batch 50/70.0 	 Total Batches 279000/350000.0 	 Time left 2:03:47.226886
03/17/2021 11:57:35 - INFO     - Completed: Epoch 3993/5000 	 Batch 60/70.0 	 Total Batches 279500/350000.0 	 Time left 2:02:55.920002
03/17/2021 11:58:27 - INFO     - Completed: Epoch 4000/5000 	 Batch 70/70.0 	 Total Batches 280000/350000.0 	 Time left 2:02:04.639165
03/17/2021 11:59:19 - INFO     - Completed: Epoch 4008/5000 	 Batch 10/70.0 	 Total Batches 280500/350000.0 	 Time left 2:01:06.052645
03/17/2021 12:00:11 - INFO     - Completed: Epoch 4015/5000 	 Batch 20/70.0 	 Total Batches 281000/350000.0 	 Time left 2:00:14.777859
03/17/2021 12:01:03 - INFO     - Completed: Epoch 4022/5000 	 Batch 30/70.0 	 Total Batches 281500/350000.0 	 Time left 1:59:23.533431
03/17/2021 12:01:55 - INFO     - Completed: Epoch 4029/5000 	 Batch 40/70.0 	 Total Batches 282000/350000.0 	 Time left 1:58:32.293073
03/17/2021 12:02:48 - INFO     - Completed: Epoch 4036/5000 	 Batch 50/70.0 	 Total Batches 282500/350000.0 	 Time left 1:57:41.057616
03/17/2021 12:03:40 - INFO     - Completed: Epoch 4043/5000 	 Batch 60/70.0 	 Total Batches 283000/350000.0 	 Time left 1:56:49.790063
03/17/2021 12:04:32 - INFO     - Completed: Epoch 4050/5000 	 Batch 70/70.0 	 Total Batches 283500/350000.0 	 Time left 1:55:58.547856
03/17/2021 12:05:24 - INFO     - Completed: Epoch 4058/5000 	 Batch 10/70.0 	 Total Batches 284000/350000.0 	 Time left 1:54:59.978705
03/17/2021 12:06:17 - INFO     - Completed: Epoch 4065/5000 	 Batch 20/70.0 	 Total Batches 284500/350000.0 	 Time left 1:54:08.991208
03/17/2021 12:07:11 - INFO     - Completed: Epoch 4072/5000 	 Batch 30/70.0 	 Total Batches 285000/350000.0 	 Time left 1:53:18.013894
03/17/2021 12:08:03 - INFO     - Completed: Epoch 4079/5000 	 Batch 40/70.0 	 Total Batches 285500/350000.0 	 Time left 1:52:26.799934
03/17/2021 12:08:55 - INFO     - Completed: Epoch 4086/5000 	 Batch 50/70.0 	 Total Batches 286000/350000.0 	 Time left 1:51:35.498417
03/17/2021 12:09:47 - INFO     - Completed: Epoch 4093/5000 	 Batch 60/70.0 	 Total Batches 286500/350000.0 	 Time left 1:50:44.212490
03/17/2021 12:10:39 - INFO     - Completed: Epoch 4100/5000 	 Batch 70/70.0 	 Total Batches 287000/350000.0 	 Time left 1:49:52.910539
03/17/2021 12:11:31 - INFO     - Completed: Epoch 4108/5000 	 Batch 10/70.0 	 Total Batches 287500/350000.0 	 Time left 1:48:54.310158
03/17/2021 12:12:23 - INFO     - Completed: Epoch 4115/5000 	 Batch 20/70.0 	 Total Batches 288000/350000.0 	 Time left 1:48:03.042821
03/17/2021 12:13:15 - INFO     - Completed: Epoch 4122/5000 	 Batch 30/70.0 	 Total Batches 288500/350000.0 	 Time left 1:47:11.741949
03/17/2021 12:14:07 - INFO     - Completed: Epoch 4129/5000 	 Batch 40/70.0 	 Total Batches 289000/350000.0 	 Time left 1:46:20.466704
03/17/2021 12:14:59 - INFO     - Completed: Epoch 4136/5000 	 Batch 50/70.0 	 Total Batches 289500/350000.0 	 Time left 1:45:29.177737
03/17/2021 12:15:51 - INFO     - Completed: Epoch 4143/5000 	 Batch 60/70.0 	 Total Batches 290000/350000.0 	 Time left 1:44:37.881895
03/17/2021 12:16:43 - INFO     - Completed: Epoch 4150/5000 	 Batch 70/70.0 	 Total Batches 290500/350000.0 	 Time left 1:43:46.640862
03/17/2021 12:17:35 - INFO     - Completed: Epoch 4158/5000 	 Batch 10/70.0 	 Total Batches 291000/350000.0 	 Time left 1:42:48.023064
03/17/2021 12:18:27 - INFO     - Completed: Epoch 4165/5000 	 Batch 20/70.0 	 Total Batches 291500/350000.0 	 Time left 1:41:56.751022
03/17/2021 12:19:19 - INFO     - Completed: Epoch 4172/5000 	 Batch 30/70.0 	 Total Batches 292000/350000.0 	 Time left 1:41:05.493273
03/17/2021 12:20:10 - INFO     - Completed: Epoch 4179/5000 	 Batch 40/70.0 	 Total Batches 292500/350000.0 	 Time left 1:40:14.207195
03/17/2021 12:21:02 - INFO     - Completed: Epoch 4186/5000 	 Batch 50/70.0 	 Total Batches 293000/350000.0 	 Time left 1:39:22.931921
03/17/2021 12:21:54 - INFO     - Completed: Epoch 4193/5000 	 Batch 60/70.0 	 Total Batches 293500/350000.0 	 Time left 1:38:31.668337
03/17/2021 12:22:46 - INFO     - Completed: Epoch 4200/5000 	 Batch 70/70.0 	 Total Batches 294000/350000.0 	 Time left 1:37:40.400421
03/17/2021 12:23:38 - INFO     - Completed: Epoch 4208/5000 	 Batch 10/70.0 	 Total Batches 294500/350000.0 	 Time left 1:36:41.822584
03/17/2021 12:24:31 - INFO     - Completed: Epoch 4215/5000 	 Batch 20/70.0 	 Total Batches 295000/350000.0 	 Time left 1:35:50.566435
03/17/2021 12:25:23 - INFO     - Completed: Epoch 4222/5000 	 Batch 30/70.0 	 Total Batches 295500/350000.0 	 Time left 1:34:59.341797
03/17/2021 12:26:15 - INFO     - Completed: Epoch 4229/5000 	 Batch 40/70.0 	 Total Batches 296000/350000.0 	 Time left 1:34:08.102077
03/17/2021 12:27:07 - INFO     - Completed: Epoch 4236/5000 	 Batch 50/70.0 	 Total Batches 296500/350000.0 	 Time left 1:33:16.855168
03/17/2021 12:27:59 - INFO     - Completed: Epoch 4243/5000 	 Batch 60/70.0 	 Total Batches 297000/350000.0 	 Time left 1:32:25.617024
03/17/2021 12:28:51 - INFO     - Completed: Epoch 4250/5000 	 Batch 70/70.0 	 Total Batches 297500/350000.0 	 Time left 1:31:34.383306
03/17/2021 12:29:43 - INFO     - Completed: Epoch 4258/5000 	 Batch 10/70.0 	 Total Batches 298000/350000.0 	 Time left 1:30:35.851464
03/17/2021 12:30:35 - INFO     - Completed: Epoch 4265/5000 	 Batch 20/70.0 	 Total Batches 298500/350000.0 	 Time left 1:29:44.612824
03/17/2021 12:31:28 - INFO     - Completed: Epoch 4272/5000 	 Batch 30/70.0 	 Total Batches 299000/350000.0 	 Time left 1:28:53.390382
03/17/2021 12:32:20 - INFO     - Completed: Epoch 4279/5000 	 Batch 40/70.0 	 Total Batches 299500/350000.0 	 Time left 1:28:02.193213
03/17/2021 12:33:12 - INFO     - Completed: Epoch 4286/5000 	 Batch 50/70.0 	 Total Batches 300000/350000.0 	 Time left 1:27:10.937264
03/17/2021 12:34:05 - INFO     - Completed: Epoch 4293/5000 	 Batch 60/70.0 	 Total Batches 300500/350000.0 	 Time left 1:26:19.775581
03/17/2021 12:34:58 - INFO     - Completed: Epoch 4300/5000 	 Batch 70/70.0 	 Total Batches 301000/350000.0 	 Time left 1:25:28.735394
03/17/2021 12:35:51 - INFO     - Completed: Epoch 4308/5000 	 Batch 10/70.0 	 Total Batches 301500/350000.0 	 Time left 1:24:30.348897
03/17/2021 12:36:43 - INFO     - Completed: Epoch 4315/5000 	 Batch 20/70.0 	 Total Batches 302000/350000.0 	 Time left 1:23:39.092383
03/17/2021 12:37:35 - INFO     - Completed: Epoch 4322/5000 	 Batch 30/70.0 	 Total Batches 302500/350000.0 	 Time left 1:22:47.832698
03/17/2021 12:38:27 - INFO     - Completed: Epoch 4329/5000 	 Batch 40/70.0 	 Total Batches 303000/350000.0 	 Time left 1:21:56.566203
03/17/2021 12:39:19 - INFO     - Completed: Epoch 4336/5000 	 Batch 50/70.0 	 Total Batches 303500/350000.0 	 Time left 1:21:05.310769
03/17/2021 12:40:11 - INFO     - Completed: Epoch 4343/5000 	 Batch 60/70.0 	 Total Batches 304000/350000.0 	 Time left 1:20:14.071027
03/17/2021 12:41:03 - INFO     - Completed: Epoch 4350/5000 	 Batch 70/70.0 	 Total Batches 304500/350000.0 	 Time left 1:19:22.820242
03/17/2021 12:41:55 - INFO     - Completed: Epoch 4358/5000 	 Batch 10/70.0 	 Total Batches 305000/350000.0 	 Time left 1:18:24.263959
03/17/2021 12:42:47 - INFO     - Completed: Epoch 4365/5000 	 Batch 20/70.0 	 Total Batches 305500/350000.0 	 Time left 1:17:33.055491
03/17/2021 12:43:39 - INFO     - Completed: Epoch 4372/5000 	 Batch 30/70.0 	 Total Batches 306000/350000.0 	 Time left 1:16:41.808376
03/17/2021 12:44:31 - INFO     - Completed: Epoch 4379/5000 	 Batch 40/70.0 	 Total Batches 306500/350000.0 	 Time left 1:15:50.569404
03/17/2021 12:45:24 - INFO     - Completed: Epoch 4386/5000 	 Batch 50/70.0 	 Total Batches 307000/350000.0 	 Time left 1:14:59.340054
03/17/2021 12:46:16 - INFO     - Completed: Epoch 4393/5000 	 Batch 60/70.0 	 Total Batches 307500/350000.0 	 Time left 1:14:08.122692
03/17/2021 12:47:08 - INFO     - Completed: Epoch 4400/5000 	 Batch 70/70.0 	 Total Batches 308000/350000.0 	 Time left 1:13:16.916799
03/17/2021 12:48:00 - INFO     - Completed: Epoch 4408/5000 	 Batch 10/70.0 	 Total Batches 308500/350000.0 	 Time left 1:12:18.364329
03/17/2021 12:48:53 - INFO     - Completed: Epoch 4415/5000 	 Batch 20/70.0 	 Total Batches 309000/350000.0 	 Time left 1:11:27.164469
03/17/2021 12:49:45 - INFO     - Completed: Epoch 4422/5000 	 Batch 30/70.0 	 Total Batches 309500/350000.0 	 Time left 1:10:35.954123
03/17/2021 12:50:38 - INFO     - Completed: Epoch 4429/5000 	 Batch 40/70.0 	 Total Batches 310000/350000.0 	 Time left 1:09:44.837690
03/17/2021 12:51:32 - INFO     - Completed: Epoch 4436/5000 	 Batch 50/70.0 	 Total Batches 310500/350000.0 	 Time left 1:08:53.826990
03/17/2021 12:52:25 - INFO     - Completed: Epoch 4443/5000 	 Batch 60/70.0 	 Total Batches 311000/350000.0 	 Time left 1:08:02.740455
03/17/2021 12:53:17 - INFO     - Completed: Epoch 4450/5000 	 Batch 70/70.0 	 Total Batches 311500/350000.0 	 Time left 1:07:11.490865
03/17/2021 12:54:10 - INFO     - Completed: Epoch 4458/5000 	 Batch 10/70.0 	 Total Batches 312000/350000.0 	 Time left 1:06:12.999345
03/17/2021 12:55:03 - INFO     - Completed: Epoch 4465/5000 	 Batch 20/70.0 	 Total Batches 312500/350000.0 	 Time left 1:05:21.901714
03/17/2021 12:55:56 - INFO     - Completed: Epoch 4472/5000 	 Batch 30/70.0 	 Total Batches 313000/350000.0 	 Time left 1:04:30.799584
03/17/2021 12:56:48 - INFO     - Completed: Epoch 4479/5000 	 Batch 40/70.0 	 Total Batches 313500/350000.0 	 Time left 1:03:39.546576
03/17/2021 12:57:40 - INFO     - Completed: Epoch 4486/5000 	 Batch 50/70.0 	 Total Batches 314000/350000.0 	 Time left 1:02:48.297931
03/17/2021 12:58:32 - INFO     - Completed: Epoch 4493/5000 	 Batch 60/70.0 	 Total Batches 314500/350000.0 	 Time left 1:01:57.052433
03/17/2021 12:59:24 - INFO     - Completed: Epoch 4500/5000 	 Batch 70/70.0 	 Total Batches 315000/350000.0 	 Time left 1:01:05.802225
03/17/2021 01:00:16 - INFO     - Completed: Epoch 4508/5000 	 Batch 10/70.0 	 Total Batches 315500/350000.0 	 Time left 1:00:07.256160
03/17/2021 01:01:08 - INFO     - Completed: Epoch 4515/5000 	 Batch 20/70.0 	 Total Batches 316000/350000.0 	 Time left 0:59:16.014404
03/17/2021 01:02:00 - INFO     - Completed: Epoch 4522/5000 	 Batch 30/70.0 	 Total Batches 316500/350000.0 	 Time left 0:58:24.755878
03/17/2021 01:02:52 - INFO     - Completed: Epoch 4529/5000 	 Batch 40/70.0 	 Total Batches 317000/350000.0 	 Time left 0:57:33.507925
03/17/2021 01:03:44 - INFO     - Completed: Epoch 4536/5000 	 Batch 50/70.0 	 Total Batches 317500/350000.0 	 Time left 0:56:42.256766
03/17/2021 01:04:36 - INFO     - Completed: Epoch 4543/5000 	 Batch 60/70.0 	 Total Batches 318000/350000.0 	 Time left 0:55:51.011791
03/17/2021 01:05:28 - INFO     - Completed: Epoch 4550/5000 	 Batch 70/70.0 	 Total Batches 318500/350000.0 	 Time left 0:54:59.774387
03/17/2021 01:06:20 - INFO     - Completed: Epoch 4558/5000 	 Batch 10/70.0 	 Total Batches 319000/350000.0 	 Time left 0:54:01.207116
03/17/2021 01:07:12 - INFO     - Completed: Epoch 4565/5000 	 Batch 20/70.0 	 Total Batches 319500/350000.0 	 Time left 0:53:09.961922
03/17/2021 01:08:04 - INFO     - Completed: Epoch 4572/5000 	 Batch 30/70.0 	 Total Batches 320000/350000.0 	 Time left 0:52:18.729571
03/17/2021 01:08:56 - INFO     - Completed: Epoch 4579/5000 	 Batch 40/70.0 	 Total Batches 320500/350000.0 	 Time left 0:51:27.495507
03/17/2021 01:09:48 - INFO     - Completed: Epoch 4586/5000 	 Batch 50/70.0 	 Total Batches 321000/350000.0 	 Time left 0:50:36.259573
03/17/2021 01:10:40 - INFO     - Completed: Epoch 4593/5000 	 Batch 60/70.0 	 Total Batches 321500/350000.0 	 Time left 0:49:45.028982
03/17/2021 01:11:32 - INFO     - Completed: Epoch 4600/5000 	 Batch 70/70.0 	 Total Batches 322000/350000.0 	 Time left 0:48:53.800020
03/17/2021 01:12:25 - INFO     - Completed: Epoch 4608/5000 	 Batch 10/70.0 	 Total Batches 322500/350000.0 	 Time left 0:47:55.265680
03/17/2021 01:13:17 - INFO     - Completed: Epoch 4615/5000 	 Batch 20/70.0 	 Total Batches 323000/350000.0 	 Time left 0:47:04.038818
03/17/2021 01:14:09 - INFO     - Completed: Epoch 4622/5000 	 Batch 30/70.0 	 Total Batches 323500/350000.0 	 Time left 0:46:12.811066
03/17/2021 01:15:01 - INFO     - Completed: Epoch 4629/5000 	 Batch 40/70.0 	 Total Batches 324000/350000.0 	 Time left 0:45:21.582002
03/17/2021 01:15:53 - INFO     - Completed: Epoch 4636/5000 	 Batch 50/70.0 	 Total Batches 324500/350000.0 	 Time left 0:44:30.361485
03/17/2021 01:16:45 - INFO     - Completed: Epoch 4643/5000 	 Batch 60/70.0 	 Total Batches 325000/350000.0 	 Time left 0:43:39.136499
03/17/2021 01:17:37 - INFO     - Completed: Epoch 4650/5000 	 Batch 70/70.0 	 Total Batches 325500/350000.0 	 Time left 0:42:47.927441
03/17/2021 01:18:29 - INFO     - Completed: Epoch 4658/5000 	 Batch 10/70.0 	 Total Batches 326000/350000.0 	 Time left 0:41:49.377547
03/17/2021 01:19:21 - INFO     - Completed: Epoch 4665/5000 	 Batch 20/70.0 	 Total Batches 326500/350000.0 	 Time left 0:40:58.163623
03/17/2021 01:20:14 - INFO     - Completed: Epoch 4672/5000 	 Batch 30/70.0 	 Total Batches 327000/350000.0 	 Time left 0:40:06.943731
03/17/2021 01:21:06 - INFO     - Completed: Epoch 4679/5000 	 Batch 40/70.0 	 Total Batches 327500/350000.0 	 Time left 0:39:15.728366
03/17/2021 01:21:58 - INFO     - Completed: Epoch 4686/5000 	 Batch 50/70.0 	 Total Batches 328000/350000.0 	 Time left 0:38:24.506473
03/17/2021 01:22:50 - INFO     - Completed: Epoch 4693/5000 	 Batch 60/70.0 	 Total Batches 328500/350000.0 	 Time left 0:37:33.297620
03/17/2021 01:23:42 - INFO     - Completed: Epoch 4700/5000 	 Batch 70/70.0 	 Total Batches 329000/350000.0 	 Time left 0:36:42.084138
03/17/2021 01:24:35 - INFO     - Completed: Epoch 4708/5000 	 Batch 10/70.0 	 Total Batches 329500/350000.0 	 Time left 0:35:43.557202
03/17/2021 01:25:27 - INFO     - Completed: Epoch 4715/5000 	 Batch 20/70.0 	 Total Batches 330000/350000.0 	 Time left 0:34:52.351320
03/17/2021 01:26:19 - INFO     - Completed: Epoch 4722/5000 	 Batch 30/70.0 	 Total Batches 330500/350000.0 	 Time left 0:34:01.137644
03/17/2021 01:27:12 - INFO     - Completed: Epoch 4729/5000 	 Batch 40/70.0 	 Total Batches 331000/350000.0 	 Time left 0:33:09.943120
03/17/2021 01:28:06 - INFO     - Completed: Epoch 4736/5000 	 Batch 50/70.0 	 Total Batches 331500/350000.0 	 Time left 0:32:18.811811
03/17/2021 01:28:59 - INFO     - Completed: Epoch 4743/5000 	 Batch 60/70.0 	 Total Batches 332000/350000.0 	 Time left 0:31:27.667256
03/17/2021 01:29:51 - INFO     - Completed: Epoch 4750/5000 	 Batch 70/70.0 	 Total Batches 332500/350000.0 	 Time left 0:30:36.448443
03/17/2021 01:30:44 - INFO     - Completed: Epoch 4758/5000 	 Batch 10/70.0 	 Total Batches 333000/350000.0 	 Time left 0:29:37.917624
03/17/2021 01:31:36 - INFO     - Completed: Epoch 4765/5000 	 Batch 20/70.0 	 Total Batches 333500/350000.0 	 Time left 0:28:46.702908
03/17/2021 01:32:28 - INFO     - Completed: Epoch 4772/5000 	 Batch 30/70.0 	 Total Batches 334000/350000.0 	 Time left 0:27:55.480552
03/17/2021 01:33:20 - INFO     - Completed: Epoch 4779/5000 	 Batch 40/70.0 	 Total Batches 334500/350000.0 	 Time left 0:27:04.266934
03/17/2021 01:34:13 - INFO     - Completed: Epoch 4786/5000 	 Batch 50/70.0 	 Total Batches 335000/350000.0 	 Time left 0:26:13.047002
03/17/2021 01:35:05 - INFO     - Completed: Epoch 4793/5000 	 Batch 60/70.0 	 Total Batches 335500/350000.0 	 Time left 0:25:21.847738
03/17/2021 01:35:58 - INFO     - Completed: Epoch 4800/5000 	 Batch 70/70.0 	 Total Batches 336000/350000.0 	 Time left 0:24:30.643130
03/17/2021 01:36:50 - INFO     - Completed: Epoch 4808/5000 	 Batch 10/70.0 	 Total Batches 336500/350000.0 	 Time left 0:23:32.129908
03/17/2021 01:37:43 - INFO     - Completed: Epoch 4815/5000 	 Batch 20/70.0 	 Total Batches 337000/350000.0 	 Time left 0:22:40.923868
03/17/2021 01:38:35 - INFO     - Completed: Epoch 4822/5000 	 Batch 30/70.0 	 Total Batches 337500/350000.0 	 Time left 0:21:49.715049
03/17/2021 01:39:28 - INFO     - Completed: Epoch 4829/5000 	 Batch 40/70.0 	 Total Batches 338000/350000.0 	 Time left 0:20:58.502166
03/17/2021 01:40:20 - INFO     - Completed: Epoch 4836/5000 	 Batch 50/70.0 	 Total Batches 338500/350000.0 	 Time left 0:20:07.290069
03/17/2021 01:41:13 - INFO     - Completed: Epoch 4843/5000 	 Batch 60/70.0 	 Total Batches 339000/350000.0 	 Time left 0:19:16.080334
03/17/2021 01:42:05 - INFO     - Completed: Epoch 4850/5000 	 Batch 70/70.0 	 Total Batches 339500/350000.0 	 Time left 0:18:24.864382
03/17/2021 01:42:57 - INFO     - Completed: Epoch 4858/5000 	 Batch 10/70.0 	 Total Batches 340000/350000.0 	 Time left 0:17:26.326395
03/17/2021 01:43:50 - INFO     - Completed: Epoch 4865/5000 	 Batch 20/70.0 	 Total Batches 340500/350000.0 	 Time left 0:16:35.107652
03/17/2021 01:44:42 - INFO     - Completed: Epoch 4872/5000 	 Batch 30/70.0 	 Total Batches 341000/350000.0 	 Time left 0:15:43.894222
03/17/2021 01:45:34 - INFO     - Completed: Epoch 4879/5000 	 Batch 40/70.0 	 Total Batches 341500/350000.0 	 Time left 0:14:52.678809
03/17/2021 01:46:27 - INFO     - Completed: Epoch 4886/5000 	 Batch 50/70.0 	 Total Batches 342000/350000.0 	 Time left 0:14:01.459550
03/17/2021 01:47:19 - INFO     - Completed: Epoch 4893/5000 	 Batch 60/70.0 	 Total Batches 342500/350000.0 	 Time left 0:13:10.238315
03/17/2021 01:48:11 - INFO     - Completed: Epoch 4900/5000 	 Batch 70/70.0 	 Total Batches 343000/350000.0 	 Time left 0:12:19.018379
03/17/2021 01:49:03 - INFO     - Completed: Epoch 4908/5000 	 Batch 10/70.0 	 Total Batches 343500/350000.0 	 Time left 0:11:20.479680
03/17/2021 01:49:56 - INFO     - Completed: Epoch 4915/5000 	 Batch 20/70.0 	 Total Batches 344000/350000.0 	 Time left 0:10:29.266862
03/17/2021 01:50:50 - INFO     - Completed: Epoch 4922/5000 	 Batch 30/70.0 	 Total Batches 344500/350000.0 	 Time left 0:09:38.070368
03/17/2021 01:51:43 - INFO     - Completed: Epoch 4929/5000 	 Batch 40/70.0 	 Total Batches 345000/350000.0 	 Time left 0:08:46.871078
03/17/2021 01:52:36 - INFO     - Completed: Epoch 4936/5000 	 Batch 50/70.0 	 Total Batches 345500/350000.0 	 Time left 0:07:55.647805
03/17/2021 01:53:28 - INFO     - Completed: Epoch 4943/5000 	 Batch 60/70.0 	 Total Batches 346000/350000.0 	 Time left 0:07:04.423130
03/17/2021 01:54:20 - INFO     - Completed: Epoch 4950/5000 	 Batch 70/70.0 	 Total Batches 346500/350000.0 	 Time left 0:06:13.198992
03/17/2021 01:55:12 - INFO     - Completed: Epoch 4958/5000 	 Batch 10/70.0 	 Total Batches 347000/350000.0 	 Time left 0:05:14.657592
03/17/2021 01:56:04 - INFO     - Completed: Epoch 4965/5000 	 Batch 20/70.0 	 Total Batches 347500/350000.0 	 Time left 0:04:23.432909
03/17/2021 01:56:56 - INFO     - Completed: Epoch 4972/5000 	 Batch 30/70.0 	 Total Batches 348000/350000.0 	 Time left 0:03:32.208861
03/17/2021 01:57:49 - INFO     - Completed: Epoch 4979/5000 	 Batch 40/70.0 	 Total Batches 348500/350000.0 	 Time left 0:02:40.985588
03/17/2021 01:58:41 - INFO     - Completed: Epoch 4986/5000 	 Batch 50/70.0 	 Total Batches 349000/350000.0 	 Time left 0:01:49.763218
03/17/2021 01:59:33 - INFO     - Completed: Epoch 4993/5000 	 Batch 60/70.0 	 Total Batches 349500/350000.0 	 Time left 0:00:58.540573
03/17/2021 02:00:26 - INFO     - Completed: Epoch 5000/5000 	 Batch 70/70.0 	 Total Batches 350000/350000.0 	 Time left 0:00:07.317578
